C:\Users\rti\Desktop\Dropbox\git\naichichi2\portaudio\Debug\cl.command.1.tlog
C:\Users\rti\Desktop\Dropbox\git\naichichi2\portaudio\Debug\CL.read.1.tlog
C:\Users\rti\Desktop\Dropbox\git\naichichi2\portaudio\Debug\CL.write.1.tlog
C:\Users\rti\Desktop\Dropbox\git\naichichi2\portaudio\Debug\lib.command.1.tlog
C:\Users\rti\Desktop\Dropbox\git\naichichi2\portaudio\Debug\Lib-link.read.1.tlog
C:\Users\rti\Desktop\Dropbox\git\naichichi2\portaudio\Debug\Lib-link.write.1.tlog
C:\Users\rti\Desktop\Dropbox\git\naichichi2\portaudio\Debug\portaudio.write.1.tlog
C:\Users\rti\Desktop\Dropbox\git\naichichi2\portaudio\Debug\vc100.idb
C:\USERS\RTI\DESKTOP\DROPBOX\NAICHICHI2\DEBUG\PORTAUDIO.LIB
C:\USERS\RTI\DESKTOP\DROPBOX\NAICHICHI2\PORTAUDIO\DEBUG\PA_ALLOCATION.OBJ
C:\USERS\RTI\DESKTOP\DROPBOX\NAICHICHI2\PORTAUDIO\DEBUG\PA_CONVERTERS.OBJ
C:\USERS\RTI\DESKTOP\DROPBOX\NAICHICHI2\PORTAUDIO\DEBUG\PA_CPULOAD.OBJ
C:\USERS\RTI\DESKTOP\DROPBOX\NAICHICHI2\PORTAUDIO\DEBUG\PA_DEBUGPRINT.OBJ
C:\USERS\RTI\DESKTOP\DROPBOX\NAICHICHI2\PORTAUDIO\DEBUG\PA_DITHER.OBJ
C:\USERS\RTI\DESKTOP\DROPBOX\NAICHICHI2\PORTAUDIO\DEBUG\PA_FRONT.OBJ
C:\USERS\RTI\DESKTOP\DROPBOX\NAICHICHI2\PORTAUDIO\DEBUG\PA_PROCESS.OBJ
C:\USERS\RTI\DESKTOP\DROPBOX\NAICHICHI2\PORTAUDIO\DEBUG\PA_RINGBUFFER.OBJ
C:\USERS\RTI\DESKTOP\DROPBOX\NAICHICHI2\PORTAUDIO\DEBUG\PA_SKELETON.OBJ
C:\USERS\RTI\DESKTOP\DROPBOX\NAICHICHI2\PORTAUDIO\DEBUG\PA_STREAM.OBJ
C:\USERS\RTI\DESKTOP\DROPBOX\NAICHICHI2\PORTAUDIO\DEBUG\PA_TRACE.OBJ
C:\USERS\RTI\DESKTOP\DROPBOX\NAICHICHI2\PORTAUDIO\DEBUG\PA_WIN_DS.OBJ
C:\USERS\RTI\DESKTOP\DROPBOX\NAICHICHI2\PORTAUDIO\DEBUG\PA_WIN_DS_DYNLINK.OBJ
C:\USERS\RTI\DESKTOP\DROPBOX\NAICHICHI2\PORTAUDIO\DEBUG\PA_WIN_HOSTAPIS.OBJ
C:\USERS\RTI\DESKTOP\DROPBOX\NAICHICHI2\PORTAUDIO\DEBUG\PA_WIN_UTIL.OBJ
C:\USERS\RTI\DESKTOP\DROPBOX\NAICHICHI2\PORTAUDIO\DEBUG\PA_WIN_WAVEFORMAT.OBJ
C:\USERS\RTI\DESKTOP\DROPBOX\NAICHICHI2\PORTAUDIO\DEBUG\PA_WIN_WDMKS_UTILS.OBJ
C:\USERS\RTI\DESKTOP\DROPBOX\NAICHICHI2\PORTAUDIO\DEBUG\PA_X86_PLAIN_CONVERTERS.OBJ
C:\USERS\RTI\DESKTOP\DROPBOX\NAICHICHI2\PORTAUDIO\DEBUG\VC100.PDB
