C:\USERS\RTI\DESKTOP\DROPBOX\GIT\NAICHICHI2\LUA\RELEASE\LAPI.OBJ
C:\USERS\RTI\DESKTOP\DROPBOX\GIT\NAICHICHI2\LUA\RELEASE\LAUXLIB.OBJ
C:\USERS\RTI\DESKTOP\DROPBOX\GIT\NAICHICHI2\LUA\RELEASE\LBASELIB.OBJ
C:\USERS\RTI\DESKTOP\DROPBOX\GIT\NAICHICHI2\LUA\RELEASE\LBITLIB.OBJ
C:\USERS\RTI\DESKTOP\DROPBOX\GIT\NAICHICHI2\LUA\RELEASE\LCODE.OBJ
C:\USERS\RTI\DESKTOP\DROPBOX\GIT\NAICHICHI2\LUA\RELEASE\LCOROLIB.OBJ
C:\USERS\RTI\DESKTOP\DROPBOX\GIT\NAICHICHI2\LUA\RELEASE\LCTYPE.OBJ
C:\USERS\RTI\DESKTOP\DROPBOX\GIT\NAICHICHI2\LUA\RELEASE\LDBLIB.OBJ
C:\USERS\RTI\DESKTOP\DROPBOX\GIT\NAICHICHI2\LUA\RELEASE\LDEBUG.OBJ
C:\USERS\RTI\DESKTOP\DROPBOX\GIT\NAICHICHI2\LUA\RELEASE\LDO.OBJ
C:\USERS\RTI\DESKTOP\DROPBOX\GIT\NAICHICHI2\LUA\RELEASE\LDUMP.OBJ
C:\USERS\RTI\DESKTOP\DROPBOX\GIT\NAICHICHI2\LUA\RELEASE\LFUNC.OBJ
C:\USERS\RTI\DESKTOP\DROPBOX\GIT\NAICHICHI2\LUA\RELEASE\LGC.OBJ
C:\USERS\RTI\DESKTOP\DROPBOX\GIT\NAICHICHI2\LUA\RELEASE\LINIT.OBJ
C:\USERS\RTI\DESKTOP\DROPBOX\GIT\NAICHICHI2\LUA\RELEASE\LIOLIB.OBJ
C:\USERS\RTI\DESKTOP\DROPBOX\GIT\NAICHICHI2\LUA\RELEASE\LLEX.OBJ
C:\USERS\RTI\DESKTOP\DROPBOX\GIT\NAICHICHI2\LUA\RELEASE\LMATHLIB.OBJ
C:\USERS\RTI\DESKTOP\DROPBOX\GIT\NAICHICHI2\LUA\RELEASE\LMEM.OBJ
C:\USERS\RTI\DESKTOP\DROPBOX\GIT\NAICHICHI2\LUA\RELEASE\LOADLIB.OBJ
C:\USERS\RTI\DESKTOP\DROPBOX\GIT\NAICHICHI2\LUA\RELEASE\LOBJECT.OBJ
C:\USERS\RTI\DESKTOP\DROPBOX\GIT\NAICHICHI2\LUA\RELEASE\LOPCODES.OBJ
C:\USERS\RTI\DESKTOP\DROPBOX\GIT\NAICHICHI2\LUA\RELEASE\LOSLIB.OBJ
C:\USERS\RTI\DESKTOP\DROPBOX\GIT\NAICHICHI2\LUA\RELEASE\LPARSER.OBJ
C:\USERS\RTI\DESKTOP\DROPBOX\GIT\NAICHICHI2\LUA\RELEASE\LSTATE.OBJ
C:\USERS\RTI\DESKTOP\DROPBOX\GIT\NAICHICHI2\LUA\RELEASE\LSTRING.OBJ
C:\USERS\RTI\DESKTOP\DROPBOX\GIT\NAICHICHI2\LUA\RELEASE\LSTRLIB.OBJ
C:\USERS\RTI\DESKTOP\DROPBOX\GIT\NAICHICHI2\LUA\RELEASE\LTABLE.OBJ
C:\USERS\RTI\DESKTOP\DROPBOX\GIT\NAICHICHI2\LUA\RELEASE\LTABLIB.OBJ
C:\USERS\RTI\DESKTOP\DROPBOX\GIT\NAICHICHI2\LUA\RELEASE\LTM.OBJ
C:\USERS\RTI\DESKTOP\DROPBOX\GIT\NAICHICHI2\LUA\RELEASE\LUA.OBJ
C:\USERS\RTI\DESKTOP\DROPBOX\GIT\NAICHICHI2\LUA\RELEASE\LUNDUMP.OBJ
C:\USERS\RTI\DESKTOP\DROPBOX\GIT\NAICHICHI2\LUA\RELEASE\LVM.OBJ
C:\USERS\RTI\DESKTOP\DROPBOX\GIT\NAICHICHI2\LUA\RELEASE\LZIO.OBJ
C:\USERS\RTI\DESKTOP\DROPBOX\GIT\NAICHICHI2\LUA\RELEASE\VC100.PDB
C:\USERS\RTI\DESKTOP\DROPBOX\GIT\NAICHICHI2\RELEASE\LUA.LIB
C:\Users\rti\Desktop\naichichi2\lua\Release\cl.command.1.tlog
C:\Users\rti\Desktop\naichichi2\lua\Release\CL.read.1.tlog
C:\Users\rti\Desktop\naichichi2\lua\Release\CL.write.1.tlog
C:\Users\rti\Desktop\naichichi2\lua\Release\lapi.obj
C:\Users\rti\Desktop\naichichi2\lua\Release\lauxlib.obj
C:\Users\rti\Desktop\naichichi2\lua\Release\lbaselib.obj
C:\Users\rti\Desktop\naichichi2\lua\Release\lbitlib.obj
C:\Users\rti\Desktop\naichichi2\lua\Release\lcode.obj
C:\Users\rti\Desktop\naichichi2\lua\Release\lcorolib.obj
C:\Users\rti\Desktop\naichichi2\lua\Release\lctype.obj
C:\Users\rti\Desktop\naichichi2\lua\Release\ldblib.obj
C:\Users\rti\Desktop\naichichi2\lua\Release\ldebug.obj
C:\Users\rti\Desktop\naichichi2\lua\Release\ldo.obj
C:\Users\rti\Desktop\naichichi2\lua\Release\ldump.obj
C:\Users\rti\Desktop\naichichi2\lua\Release\lfunc.obj
C:\Users\rti\Desktop\naichichi2\lua\Release\lgc.obj
C:\Users\rti\Desktop\naichichi2\lua\Release\lib.command.1.tlog
C:\Users\rti\Desktop\naichichi2\lua\Release\Lib-link.read.1.tlog
C:\Users\rti\Desktop\naichichi2\lua\Release\Lib-link.write.1.tlog
C:\Users\rti\Desktop\naichichi2\lua\Release\linit.obj
C:\Users\rti\Desktop\naichichi2\lua\Release\liolib.obj
C:\Users\rti\Desktop\naichichi2\lua\Release\llex.obj
C:\Users\rti\Desktop\naichichi2\lua\Release\lmathlib.obj
C:\Users\rti\Desktop\naichichi2\lua\Release\lmem.obj
C:\Users\rti\Desktop\naichichi2\lua\Release\loadlib.obj
C:\Users\rti\Desktop\naichichi2\lua\Release\lobject.obj
C:\Users\rti\Desktop\naichichi2\lua\Release\lopcodes.obj
C:\Users\rti\Desktop\naichichi2\lua\Release\loslib.obj
C:\Users\rti\Desktop\naichichi2\lua\Release\lparser.obj
C:\Users\rti\Desktop\naichichi2\lua\Release\lstate.obj
C:\Users\rti\Desktop\naichichi2\lua\Release\lstring.obj
C:\Users\rti\Desktop\naichichi2\lua\Release\lstrlib.obj
C:\Users\rti\Desktop\naichichi2\lua\Release\ltable.obj
C:\Users\rti\Desktop\naichichi2\lua\Release\ltablib.obj
C:\Users\rti\Desktop\naichichi2\lua\Release\ltm.obj
C:\Users\rti\Desktop\naichichi2\lua\Release\lua.obj
C:\Users\rti\Desktop\naichichi2\lua\Release\lua.write.1.tlog
C:\Users\rti\Desktop\naichichi2\lua\Release\lundump.obj
C:\Users\rti\Desktop\naichichi2\lua\Release\lvm.obj
C:\Users\rti\Desktop\naichichi2\lua\Release\lzio.obj
C:\Users\rti\Desktop\naichichi2\lua\Release\vc100.pdb
C:\Users\rti\Desktop\naichichi2\Release\lua.lib
