C:\USERS\RTI\DESKTOP\DROPBOX\GIT\NAICHICHI2\NAICHICHI2\RELEASE\ACTIONIMPLEMENT.OBJ
C:\USERS\RTI\DESKTOP\DROPBOX\GIT\NAICHICHI2\NAICHICHI2\RELEASE\ACTIONSCRIPTMANAGER.OBJ
C:\USERS\RTI\DESKTOP\DROPBOX\GIT\NAICHICHI2\NAICHICHI2\RELEASE\CONFIG.OBJ
C:\USERS\RTI\DESKTOP\DROPBOX\GIT\NAICHICHI2\NAICHICHI2\RELEASE\HTTPSERVER.OBJ
C:\USERS\RTI\DESKTOP\DROPBOX\GIT\NAICHICHI2\NAICHICHI2\RELEASE\MAIN.OBJ
C:\USERS\RTI\DESKTOP\DROPBOX\GIT\NAICHICHI2\NAICHICHI2\RELEASE\MAINWINDOW.OBJ
C:\USERS\RTI\DESKTOP\DROPBOX\GIT\NAICHICHI2\NAICHICHI2\RELEASE\MECABCONTROL.OBJ
C:\USERS\RTI\DESKTOP\DROPBOX\GIT\NAICHICHI2\NAICHICHI2\RELEASE\NAICHICHI2.EXE.INTERMEDIATE.MANIFEST
C:\USERS\RTI\DESKTOP\DROPBOX\GIT\NAICHICHI2\NAICHICHI2\RELEASE\NAICHICHI2.RES
C:\USERS\RTI\DESKTOP\DROPBOX\GIT\NAICHICHI2\NAICHICHI2\RELEASE\RECOGNITION_FACTORY.OBJ
C:\USERS\RTI\DESKTOP\DROPBOX\GIT\NAICHICHI2\NAICHICHI2\RELEASE\RECOGNITION_JULIUSPLUS.OBJ
C:\USERS\RTI\DESKTOP\DROPBOX\GIT\NAICHICHI2\NAICHICHI2\RELEASE\RECOGNITION_JULIUSPLUSRULE.OBJ
C:\USERS\RTI\DESKTOP\DROPBOX\GIT\NAICHICHI2\NAICHICHI2\RELEASE\SCRIPTMANAGER.OBJ
C:\USERS\RTI\DESKTOP\DROPBOX\GIT\NAICHICHI2\NAICHICHI2\RELEASE\SCRIPTRUNNER.OBJ
C:\USERS\RTI\DESKTOP\DROPBOX\GIT\NAICHICHI2\NAICHICHI2\RELEASE\SPEAK_AQUESTALK.OBJ
C:\USERS\RTI\DESKTOP\DROPBOX\GIT\NAICHICHI2\NAICHICHI2\RELEASE\SPEAK_FACTORY.OBJ
C:\USERS\RTI\DESKTOP\DROPBOX\GIT\NAICHICHI2\NAICHICHI2\RELEASE\SPEAK_GOOGLETRANSLATE.OBJ
C:\USERS\RTI\DESKTOP\DROPBOX\GIT\NAICHICHI2\NAICHICHI2\RELEASE\SPEAK_SPEECHPLATFORM.OBJ
C:\USERS\RTI\DESKTOP\DROPBOX\GIT\NAICHICHI2\NAICHICHI2\RELEASE\TRIGGERMANAGER.OBJ
C:\USERS\RTI\DESKTOP\DROPBOX\GIT\NAICHICHI2\NAICHICHI2\RELEASE\VC100.PDB
C:\USERS\RTI\DESKTOP\DROPBOX\GIT\NAICHICHI2\NAICHICHI2\RELEASE\WEBMENU.OBJ
C:\USERS\RTI\DESKTOP\DROPBOX\GIT\NAICHICHI2\NAICHICHI2\RELEASE\XLDEBUGUTIL.OBJ
C:\USERS\RTI\DESKTOP\DROPBOX\GIT\NAICHICHI2\NAICHICHI2\RELEASE\XLFILEUTIL.OBJ
C:\USERS\RTI\DESKTOP\DROPBOX\GIT\NAICHICHI2\NAICHICHI2\RELEASE\XLHTTPHEADER.OBJ
C:\USERS\RTI\DESKTOP\DROPBOX\GIT\NAICHICHI2\NAICHICHI2\RELEASE\XLHTTPREQUERST.OBJ
C:\USERS\RTI\DESKTOP\DROPBOX\GIT\NAICHICHI2\NAICHICHI2\RELEASE\XLSOUNDPLAY.OBJ
C:\USERS\RTI\DESKTOP\DROPBOX\GIT\NAICHICHI2\NAICHICHI2\RELEASE\XLSTRINGUTIL.OBJ
C:\USERS\RTI\DESKTOP\DROPBOX\GIT\NAICHICHI2\NAICHICHI2\RELEASE\XLURLPARSER.OBJ
C:\USERS\RTI\DESKTOP\DROPBOX\GIT\NAICHICHI2\RELEASE\NAICHICHI2.EXE
C:\USERS\RTI\DESKTOP\DROPBOX\GIT\NAICHICHI2\RELEASE\NAICHICHI2.PDB
C:\Users\rti\Desktop\naichichi2\naichichi2\Release\ActionImplement.obj
C:\Users\rti\Desktop\naichichi2\naichichi2\Release\ActionScriptManager.obj
C:\Users\rti\Desktop\naichichi2\naichichi2\Release\cl.command.1.tlog
C:\Users\rti\Desktop\naichichi2\naichichi2\Release\CL.read.1.tlog
C:\Users\rti\Desktop\naichichi2\naichichi2\Release\CL.write.1.tlog
C:\Users\rti\Desktop\naichichi2\naichichi2\Release\Config.obj
C:\Users\rti\Desktop\naichichi2\naichichi2\Release\HttpServer.obj
C:\Users\rti\Desktop\naichichi2\naichichi2\Release\link.command.1.tlog
C:\Users\rti\Desktop\naichichi2\naichichi2\Release\link.read.1.tlog
C:\Users\rti\Desktop\naichichi2\naichichi2\Release\link.write.1.tlog
C:\Users\rti\Desktop\naichichi2\naichichi2\Release\link-cvtres.read.1.tlog
C:\Users\rti\Desktop\naichichi2\naichichi2\Release\link-cvtres.write.1.tlog
C:\Users\rti\Desktop\naichichi2\naichichi2\Release\main.obj
C:\Users\rti\Desktop\naichichi2\naichichi2\Release\MainWindow.obj
C:\Users\rti\Desktop\naichichi2\naichichi2\Release\MecabControl.obj
C:\Users\rti\Desktop\naichichi2\naichichi2\Release\mt.command.1.tlog
C:\Users\rti\Desktop\naichichi2\naichichi2\Release\mt.read.1.tlog
C:\Users\rti\Desktop\naichichi2\naichichi2\Release\mt.write.1.tlog
C:\Users\rti\Desktop\naichichi2\naichichi2\Release\naichichi2.exe.intermediate.manifest
C:\Users\rti\Desktop\naichichi2\naichichi2\Release\naichichi2.res
C:\Users\rti\Desktop\naichichi2\naichichi2\Release\naichichi2.vcxprojResolveAssemblyReference.cache
C:\Users\rti\Desktop\naichichi2\naichichi2\Release\naichichi2.write.1.tlog
C:\Users\rti\Desktop\naichichi2\naichichi2\Release\rc.command.1.tlog
C:\Users\rti\Desktop\naichichi2\naichichi2\Release\rc.read.1.tlog
C:\Users\rti\Desktop\naichichi2\naichichi2\Release\rc.write.1.tlog
C:\Users\rti\Desktop\naichichi2\naichichi2\Release\Recognition_Factory.obj
C:\Users\rti\Desktop\naichichi2\naichichi2\Release\Recognition_JuliusPlus.obj
C:\Users\rti\Desktop\naichichi2\naichichi2\Release\Recognition_JuliusPlusRule.obj
C:\Users\rti\Desktop\naichichi2\naichichi2\Release\ScriptManager.obj
C:\Users\rti\Desktop\naichichi2\naichichi2\Release\ScriptRunner.obj
C:\Users\rti\Desktop\naichichi2\naichichi2\Release\Speak_AquesTalk.obj
C:\Users\rti\Desktop\naichichi2\naichichi2\Release\Speak_Factory.obj
C:\Users\rti\Desktop\naichichi2\naichichi2\Release\Speak_GoogleTranslate.obj
C:\Users\rti\Desktop\naichichi2\naichichi2\Release\Speak_SpeechPlatform.obj
C:\Users\rti\Desktop\naichichi2\naichichi2\Release\TriggerManager.obj
C:\Users\rti\Desktop\naichichi2\naichichi2\Release\vc100.pdb
C:\Users\rti\Desktop\naichichi2\naichichi2\Release\WebMenu.obj
C:\Users\rti\Desktop\naichichi2\naichichi2\Release\XLDebugUtil.obj
C:\Users\rti\Desktop\naichichi2\naichichi2\Release\XLFileUtil.obj
C:\Users\rti\Desktop\naichichi2\naichichi2\Release\XLHttpHeader.obj
C:\Users\rti\Desktop\naichichi2\naichichi2\Release\XLHttpRequerst.obj
C:\Users\rti\Desktop\naichichi2\naichichi2\Release\XLSoundPlay.obj
C:\Users\rti\Desktop\naichichi2\naichichi2\Release\XLStringUtil.obj
C:\Users\rti\Desktop\naichichi2\naichichi2\Release\XLUrlParser.obj
C:\Users\rti\Desktop\naichichi2\Release\naichichi2.exe
C:\Users\rti\Desktop\naichichi2\Release\naichichi2.pdb
