2012/05/28 10:59:11 にビルドを開始しました。
     1>ノード 2 上のプロジェクト "C:\Users\rti\Desktop\Dropbox\git\naichichi2\julius\julius.vcxproj" (rebuild ターゲット)。
     1>_PrepareForClean:
         ファイル "Debug\julius.lastbuildstate" を削除しています。
       InitializeBuildStatus:
         "AlwaysCreate" が指定されたため "Debug\julius.unsuccessfulbuild" を作成しています。
       ClCompile:
         C:\Program Files (x86)\Microsoft Visual Studio 10.0\VC\bin\CL.exe /c /Ilibjulius\include /Ilibsent\include /Imsvc\config /Imsvc\portaudio /Imsvc\zlib /ZI /nologo /W3 /WX- /Od /Oy- /D _MBCS /D _CRT_SECURE_NO_WARNINGS /D _MBCS /Gm /EHsc /RTC1 /MDd /GS /fp:precise /Zc:wchar_t /Zc:forScope /Fo"Debug\\" /Fd"Debug\vc100.pdb" /Gd /TC /wd4996 /wd4995 /wd4244 /wd4018 /wd4305 /wd4101 /wd4819 /analyze- /errorReport:prompt "libjulius\src\adin-cut.c" libjulius\src\backtrellis.c libjulius\src\beam.c libjulius\src\callback.c libjulius\src\confnet.c libjulius\src\default.c libjulius\src\dfa_decode.c libjulius\src\factoring_sub.c libjulius\src\gmm.c libjulius\src\gramlist.c libjulius\src\graphout.c libjulius\src\hmm_check.c libjulius\src\instance.c libjulius\src\jfunc.c "libjulius\src\multi-gram.c" libjulius\src\m_adin.c libjulius\src\m_chkparam.c libjulius\src\m_fusion.c libjulius\src\m_info.c libjulius\src\m_jconf.c libjulius\src\m_options.c libjulius\src\m_usage.c libjulius\src\ngram_decode.c libjulius\src\outprob_style.c libjulius\src\pass1.c libjulius\src\plugin.c "libjulius\src\realtime-1stpass.c" libjulius\src\recogmain.c libjulius\src\search_bestfirst_main.c libjulius\src\search_bestfirst_v1.c libjulius\src\search_bestfirst_v2.c libjulius\src\spsegment.c libjulius\src\useropt.c libjulius\src\wav2mfcc.c libjulius\src\wchmm.c libjulius\src\wchmm_check.c libjulius\src\word_align.c libsent\src\adin\adin_file.c libsent\src\adin\adin_portaudio.c libsent\src\adin\adin_tcpip.c libsent\src\adin\ds48to16.c "libsent\src\adin\zc-e.c" libsent\src\adin\zmean.c libsent\src\anlz\paramselect.c libsent\src\anlz\paramtypes.c libsent\src\anlz\param_malloc.c libsent\src\anlz\rdparam.c libsent\src\anlz\strip.c libsent\src\anlz\strip_mfcc.c libsent\src\anlz\wrsamp.c libsent\src\anlz\wrwav.c libsent\src\dfa\cpair.c libsent\src\dfa\dfa_lookup.c libsent\src\dfa\dfa_malloc.c libsent\src\dfa\dfa_util.c libsent\src\dfa\init_dfa.c libsent\src\dfa\mkcpair.c libsent\src\dfa\mkterminfo.c libsent\src\dfa\rddfa.c libsent\src\hmminfo\cdhmm.c libsent\src\hmminfo\cdset.c libsent\src\hmminfo\check_hmmtype.c libsent\src\hmminfo\check_hmm_restriction.c libsent\src\hmminfo\chkhmmlist.c libsent\src\hmminfo\guess_cdHMM.c libsent\src\hmminfo\hmm_lookup.c libsent\src\hmminfo\init_phmm.c libsent\src\hmminfo\put_htkdata_info.c libsent\src\hmminfo\rdhmmdef.c libsent\src\hmminfo\rdhmmdef_data.c libsent\src\hmminfo\rdhmmdef_dens.c libsent\src\hmminfo\rdhmmdef_mpdf.c libsent\src\hmminfo\rdhmmdef_options.c libsent\src\hmminfo\rdhmmdef_regtree.c libsent\src\hmminfo\rdhmmdef_state.c libsent\src\hmminfo\rdhmmdef_streamweight.c libsent\src\hmminfo\rdhmmdef_tiedmix.c libsent\src\hmminfo\rdhmmdef_trans.c libsent\src\hmminfo\rdhmmdef_var.c libsent\src\hmminfo\rdhmmlist.c libsent\src\hmminfo\read_binhmm.c libsent\src\hmminfo\read_binhmmlist.c libsent\src\hmminfo\write_binhmm.c libsent\src\hmminfo\write_binhmmlist.c libsent\src\net\rdwt.c "libsent\src\net\server-client.c" libsent\src\ngram\init_ngram.c libsent\src\ngram\ngram_access.c libsent\src\ngram\ngram_compact_context.c libsent\src\ngram\ngram_lookup.c libsent\src\ngram\ngram_malloc.c libsent\src\ngram\ngram_read_arpa.c libsent\src\ngram\ngram_read_bin.c libsent\src\ngram\ngram_util.c libsent\src\ngram\ngram_write_bin.c libsent\src\phmm\addlog.c libsent\src\phmm\calc_mix.c libsent\src\phmm\calc_tied_mix.c libsent\src\phmm\gms.c libsent\src\phmm\gms_gprune.c libsent\src\phmm\gprune_beam.c libsent\src\phmm\gprune_common.c libsent\src\phmm\gprune_heu.c libsent\src\phmm\gprune_none.c libsent\src\phmm\gprune_safe.c libsent\src\phmm\mkwhmm.c libsent\src\phmm\outprob.c libsent\src\phmm\outprob_init.c libsent\src\phmm\vsegment.c libsent\src\util\aptree.c libsent\src\util\confout.c libsent\src\util\endian.c libsent\src\util\gzfile.c libsent\src\util\jlog.c libsent\src\util\mybmalloc.c libsent\src\util\mymalloc.c libsent\src\util\mystrtok.c libsent\src\util\ptree.c libsent\src\util\qsort.c libsent\src\util\readfile.c libsent\src\util\strcasecmp.c libsent\src\voca\init_voca.c libsent\src\voca\voca_load_htkdict.c libsent\src\voca\voca_load_wordlist.c libsent\src\voca\voca_lookup.c libsent\src\voca\voca_malloc.c libsent\src\voca\voca_util.c "libsent\src\wav2mfcc\mfcc-core.c" libsent\src\wav2mfcc\para.c libsent\src\wav2mfcc\ss.c "libsent\src\wav2mfcc\wav2mfcc-buffer.c" "libsent\src\wav2mfcc\wav2mfcc-pipe.c" msvc\config\version.c
         version.c
         wav2mfcc-pipe.c
         wav2mfcc-buffer.c
         ss.c
         para.c
         mfcc-core.c
         voca_util.c
         voca_malloc.c
         voca_lookup.c
         voca_load_wordlist.c
         voca_load_htkdict.c
         init_voca.c
         strcasecmp.c
         readfile.c
         qsort.c
         ptree.c
         mystrtok.c
         mymalloc.c
         mybmalloc.c
         jlog.c
         コードを生成中...
         コンパイル中...
         gzfile.c
         endian.c
         confout.c
         aptree.c
         vsegment.c
         outprob_init.c
         outprob.c
         mkwhmm.c
         gprune_safe.c
         gprune_none.c
         gprune_heu.c
         gprune_common.c
         gprune_beam.c
         gms_gprune.c
         gms.c
         calc_tied_mix.c
         calc_mix.c
         addlog.c
         ngram_write_bin.c
         ngram_util.c
         コードを生成中...
         コンパイル中...
         ngram_read_bin.c
         ngram_read_arpa.c
         ngram_malloc.c
         ngram_lookup.c
         ngram_compact_context.c
         ngram_access.c
         init_ngram.c
         server-client.c
         rdwt.c
         write_binhmmlist.c
         write_binhmm.c
         read_binhmmlist.c
         read_binhmm.c
         rdhmmlist.c
         rdhmmdef_var.c
         rdhmmdef_trans.c
         rdhmmdef_tiedmix.c
         rdhmmdef_streamweight.c
         rdhmmdef_state.c
         rdhmmdef_regtree.c
         コードを生成中...
         コンパイル中...
         rdhmmdef_options.c
         rdhmmdef_mpdf.c
         rdhmmdef_dens.c
         rdhmmdef_data.c
         rdhmmdef.c
         put_htkdata_info.c
         init_phmm.c
         hmm_lookup.c
         guess_cdHMM.c
         chkhmmlist.c
         check_hmm_restriction.c
         check_hmmtype.c
         cdset.c
         cdhmm.c
         rddfa.c
         mkterminfo.c
         mkcpair.c
         init_dfa.c
         dfa_util.c
         dfa_malloc.c
         コードを生成中...
         コンパイル中...
         dfa_lookup.c
         cpair.c
         wrwav.c
         wrsamp.c
         strip_mfcc.c
         strip.c
         rdparam.c
         param_malloc.c
         paramtypes.c
         paramselect.c
         zmean.c
         zc-e.c
         ds48to16.c
         adin_tcpip.c
         adin_portaudio.c
         adin_file.c
         word_align.c
         wchmm_check.c
         wchmm.c
         wav2mfcc.c
         コードを生成中...
         コンパイル中...
         useropt.c
     1>c:\users\rti\desktop\dropbox\git\naichichi2\julius\libjulius\src\useropt.c(143): warning C4113: 'void (__cdecl *)()' はパラメーター リストが 'void (__cdecl *)(void)' と異なります。
         spsegment.c
         search_bestfirst_v2.c
         search_bestfirst_v1.c
         search_bestfirst_main.c
         recogmain.c
         realtime-1stpass.c
         plugin.c
         pass1.c
         outprob_style.c
         ngram_decode.c
         m_usage.c
         m_options.c
         m_jconf.c
         m_info.c
         m_fusion.c
         m_chkparam.c
         m_adin.c
         multi-gram.c
         jfunc.c
         コードを生成中...
         コンパイル中...
         instance.c
         hmm_check.c
         graphout.c
         gramlist.c
         gmm.c
         factoring_sub.c
         dfa_decode.c
         default.c
         confnet.c
         callback.c
         beam.c
         backtrellis.c
         adin-cut.c
         コードを生成中...
       Lib:
         C:\Program Files (x86)\Microsoft Visual Studio 10.0\VC\bin\Lib.exe /OUT:"C:\Users\rti\Desktop\Dropbox\git\naichichi2\Debug\julius.lib" /NOLOGO "Debug\adin-cut.obj"
         Debug\backtrellis.obj
         Debug\beam.obj
         Debug\callback.obj
         Debug\confnet.obj
         Debug\default.obj
         Debug\dfa_decode.obj
         Debug\factoring_sub.obj
         Debug\gmm.obj
         Debug\gramlist.obj
         Debug\graphout.obj
         Debug\hmm_check.obj
         Debug\instance.obj
         Debug\jfunc.obj
         "Debug\multi-gram.obj"
         Debug\m_adin.obj
         Debug\m_chkparam.obj
         Debug\m_fusion.obj
         Debug\m_info.obj
         Debug\m_jconf.obj
         Debug\m_options.obj
         Debug\m_usage.obj
         Debug\ngram_decode.obj
         Debug\outprob_style.obj
         Debug\pass1.obj
         Debug\plugin.obj
         "Debug\realtime-1stpass.obj"
         Debug\recogmain.obj
         Debug\search_bestfirst_main.obj
         Debug\search_bestfirst_v1.obj
         Debug\search_bestfirst_v2.obj
         Debug\spsegment.obj
         Debug\useropt.obj
         Debug\wav2mfcc.obj
         Debug\wchmm.obj
         Debug\wchmm_check.obj
         Debug\word_align.obj
         Debug\adin_file.obj
         Debug\adin_portaudio.obj
         Debug\adin_tcpip.obj
         Debug\ds48to16.obj
         "Debug\zc-e.obj"
         Debug\zmean.obj
         Debug\paramselect.obj
         Debug\paramtypes.obj
         Debug\param_malloc.obj
         Debug\rdparam.obj
         Debug\strip.obj
         Debug\strip_mfcc.obj
         Debug\wrsamp.obj
         Debug\wrwav.obj
         Debug\cpair.obj
         Debug\dfa_lookup.obj
         Debug\dfa_malloc.obj
         Debug\dfa_util.obj
         Debug\init_dfa.obj
         Debug\mkcpair.obj
         Debug\mkterminfo.obj
         Debug\rddfa.obj
         Debug\cdhmm.obj
         Debug\cdset.obj
         Debug\check_hmmtype.obj
         Debug\check_hmm_restriction.obj
         Debug\chkhmmlist.obj
         Debug\guess_cdHMM.obj
         Debug\hmm_lookup.obj
         Debug\init_phmm.obj
         Debug\put_htkdata_info.obj
         Debug\rdhmmdef.obj
         Debug\rdhmmdef_data.obj
         Debug\rdhmmdef_dens.obj
         Debug\rdhmmdef_mpdf.obj
         Debug\rdhmmdef_options.obj
         Debug\rdhmmdef_regtree.obj
         Debug\rdhmmdef_state.obj
         Debug\rdhmmdef_streamweight.obj
         Debug\rdhmmdef_tiedmix.obj
         Debug\rdhmmdef_trans.obj
         Debug\rdhmmdef_var.obj
         Debug\rdhmmlist.obj
         Debug\read_binhmm.obj
         Debug\read_binhmmlist.obj
         Debug\write_binhmm.obj
         Debug\write_binhmmlist.obj
         Debug\rdwt.obj
         "Debug\server-client.obj"
         Debug\init_ngram.obj
         Debug\ngram_access.obj
         Debug\ngram_compact_context.obj
         Debug\ngram_lookup.obj
         Debug\ngram_malloc.obj
         Debug\ngram_read_arpa.obj
         Debug\ngram_read_bin.obj
         Debug\ngram_util.obj
         Debug\ngram_write_bin.obj
         Debug\addlog.obj
         Debug\calc_mix.obj
         Debug\calc_tied_mix.obj
         Debug\gms.obj
         Debug\gms_gprune.obj
         Debug\gprune_beam.obj
         Debug\gprune_common.obj
         Debug\gprune_heu.obj
         Debug\gprune_none.obj
         Debug\gprune_safe.obj
         Debug\mkwhmm.obj
         Debug\outprob.obj
         Debug\outprob_init.obj
         Debug\vsegment.obj
         Debug\aptree.obj
         Debug\confout.obj
         Debug\endian.obj
         Debug\gzfile.obj
         Debug\jlog.obj
         Debug\mybmalloc.obj
         Debug\mymalloc.obj
         Debug\mystrtok.obj
         Debug\ptree.obj
         Debug\qsort.obj
         Debug\readfile.obj
         Debug\strcasecmp.obj
         Debug\init_voca.obj
         Debug\voca_load_htkdict.obj
         Debug\voca_load_wordlist.obj
         Debug\voca_lookup.obj
         Debug\voca_malloc.obj
         Debug\voca_util.obj
         "Debug\mfcc-core.obj"
         Debug\para.obj
         Debug\ss.obj
         "Debug\wav2mfcc-buffer.obj"
         "Debug\wav2mfcc-pipe.obj"
         Debug\version.obj
         julius.vcxproj -> C:\Users\rti\Desktop\Dropbox\git\naichichi2\Debug\julius.lib
       FinalizeBuildStatus:
         ファイル "Debug\julius.unsuccessfulbuild" を削除しています。
         "Debug\julius.lastbuildstate" のタッチ タスクを実行しています。
     1>プロジェクト "C:\Users\rti\Desktop\Dropbox\git\naichichi2\julius\julius.vcxproj" (rebuild ターゲット) のビルドが完了しました。

ビルドに成功しました。

経過時間 00:00:24.16
