C:\Users\rti\Desktop\Dropbox\git\naichichi2\Debug\julius.lib
C:\Users\rti\Desktop\Dropbox\git\naichichi2\julius\Debug\addlog.obj
C:\Users\rti\Desktop\Dropbox\git\naichichi2\julius\Debug\adin_file.obj
C:\Users\rti\Desktop\Dropbox\git\naichichi2\julius\Debug\adin_portaudio.obj
C:\Users\rti\Desktop\Dropbox\git\naichichi2\julius\Debug\adin_tcpip.obj
C:\Users\rti\Desktop\Dropbox\git\naichichi2\julius\Debug\adin-cut.obj
C:\Users\rti\Desktop\Dropbox\git\naichichi2\julius\Debug\aptree.obj
C:\Users\rti\Desktop\Dropbox\git\naichichi2\julius\Debug\backtrellis.obj
C:\Users\rti\Desktop\Dropbox\git\naichichi2\julius\Debug\beam.obj
C:\Users\rti\Desktop\Dropbox\git\naichichi2\julius\Debug\calc_mix.obj
C:\Users\rti\Desktop\Dropbox\git\naichichi2\julius\Debug\calc_tied_mix.obj
C:\Users\rti\Desktop\Dropbox\git\naichichi2\julius\Debug\callback.obj
C:\Users\rti\Desktop\Dropbox\git\naichichi2\julius\Debug\cdhmm.obj
C:\Users\rti\Desktop\Dropbox\git\naichichi2\julius\Debug\cdset.obj
C:\Users\rti\Desktop\Dropbox\git\naichichi2\julius\Debug\check_hmm_restriction.obj
C:\Users\rti\Desktop\Dropbox\git\naichichi2\julius\Debug\check_hmmtype.obj
C:\Users\rti\Desktop\Dropbox\git\naichichi2\julius\Debug\chkhmmlist.obj
C:\Users\rti\Desktop\Dropbox\git\naichichi2\julius\Debug\cl.command.1.tlog
C:\Users\rti\Desktop\Dropbox\git\naichichi2\julius\Debug\CL.read.1.tlog
C:\Users\rti\Desktop\Dropbox\git\naichichi2\julius\Debug\CL.write.1.tlog
C:\Users\rti\Desktop\Dropbox\git\naichichi2\julius\Debug\confnet.obj
C:\Users\rti\Desktop\Dropbox\git\naichichi2\julius\Debug\confout.obj
C:\Users\rti\Desktop\Dropbox\git\naichichi2\julius\Debug\cpair.obj
C:\Users\rti\Desktop\Dropbox\git\naichichi2\julius\Debug\default.obj
C:\Users\rti\Desktop\Dropbox\git\naichichi2\julius\Debug\dfa_decode.obj
C:\Users\rti\Desktop\Dropbox\git\naichichi2\julius\Debug\dfa_lookup.obj
C:\Users\rti\Desktop\Dropbox\git\naichichi2\julius\Debug\dfa_malloc.obj
C:\Users\rti\Desktop\Dropbox\git\naichichi2\julius\Debug\dfa_util.obj
C:\Users\rti\Desktop\Dropbox\git\naichichi2\julius\Debug\ds48to16.obj
C:\Users\rti\Desktop\Dropbox\git\naichichi2\julius\Debug\endian.obj
C:\Users\rti\Desktop\Dropbox\git\naichichi2\julius\Debug\factoring_sub.obj
C:\Users\rti\Desktop\Dropbox\git\naichichi2\julius\Debug\gmm.obj
C:\Users\rti\Desktop\Dropbox\git\naichichi2\julius\Debug\gms.obj
C:\Users\rti\Desktop\Dropbox\git\naichichi2\julius\Debug\gms_gprune.obj
C:\Users\rti\Desktop\Dropbox\git\naichichi2\julius\Debug\gprune_beam.obj
C:\Users\rti\Desktop\Dropbox\git\naichichi2\julius\Debug\gprune_common.obj
C:\Users\rti\Desktop\Dropbox\git\naichichi2\julius\Debug\gprune_heu.obj
C:\Users\rti\Desktop\Dropbox\git\naichichi2\julius\Debug\gprune_none.obj
C:\Users\rti\Desktop\Dropbox\git\naichichi2\julius\Debug\gprune_safe.obj
C:\Users\rti\Desktop\Dropbox\git\naichichi2\julius\Debug\gramlist.obj
C:\Users\rti\Desktop\Dropbox\git\naichichi2\julius\Debug\graphout.obj
C:\Users\rti\Desktop\Dropbox\git\naichichi2\julius\Debug\guess_cdHMM.obj
C:\Users\rti\Desktop\Dropbox\git\naichichi2\julius\Debug\gzfile.obj
C:\Users\rti\Desktop\Dropbox\git\naichichi2\julius\Debug\hmm_check.obj
C:\Users\rti\Desktop\Dropbox\git\naichichi2\julius\Debug\hmm_lookup.obj
C:\Users\rti\Desktop\Dropbox\git\naichichi2\julius\Debug\init_dfa.obj
C:\Users\rti\Desktop\Dropbox\git\naichichi2\julius\Debug\init_ngram.obj
C:\Users\rti\Desktop\Dropbox\git\naichichi2\julius\Debug\init_phmm.obj
C:\Users\rti\Desktop\Dropbox\git\naichichi2\julius\Debug\init_voca.obj
C:\Users\rti\Desktop\Dropbox\git\naichichi2\julius\Debug\instance.obj
C:\Users\rti\Desktop\Dropbox\git\naichichi2\julius\Debug\jfunc.obj
C:\Users\rti\Desktop\Dropbox\git\naichichi2\julius\Debug\jlog.obj
C:\Users\rti\Desktop\Dropbox\git\naichichi2\julius\Debug\julius.write.1.tlog
C:\Users\rti\Desktop\Dropbox\git\naichichi2\julius\Debug\lib.command.1.tlog
C:\Users\rti\Desktop\Dropbox\git\naichichi2\julius\Debug\Lib-link.read.1.tlog
C:\Users\rti\Desktop\Dropbox\git\naichichi2\julius\Debug\Lib-link.write.1.tlog
C:\Users\rti\Desktop\Dropbox\git\naichichi2\julius\Debug\m_adin.obj
C:\Users\rti\Desktop\Dropbox\git\naichichi2\julius\Debug\m_chkparam.obj
C:\Users\rti\Desktop\Dropbox\git\naichichi2\julius\Debug\m_fusion.obj
C:\Users\rti\Desktop\Dropbox\git\naichichi2\julius\Debug\m_info.obj
C:\Users\rti\Desktop\Dropbox\git\naichichi2\julius\Debug\m_jconf.obj
C:\Users\rti\Desktop\Dropbox\git\naichichi2\julius\Debug\m_options.obj
C:\Users\rti\Desktop\Dropbox\git\naichichi2\julius\Debug\m_usage.obj
C:\Users\rti\Desktop\Dropbox\git\naichichi2\julius\Debug\mfcc-core.obj
C:\Users\rti\Desktop\Dropbox\git\naichichi2\julius\Debug\mkcpair.obj
C:\Users\rti\Desktop\Dropbox\git\naichichi2\julius\Debug\mkterminfo.obj
C:\Users\rti\Desktop\Dropbox\git\naichichi2\julius\Debug\mkwhmm.obj
C:\Users\rti\Desktop\Dropbox\git\naichichi2\julius\Debug\multi-gram.obj
C:\Users\rti\Desktop\Dropbox\git\naichichi2\julius\Debug\mybmalloc.obj
C:\Users\rti\Desktop\Dropbox\git\naichichi2\julius\Debug\mymalloc.obj
C:\Users\rti\Desktop\Dropbox\git\naichichi2\julius\Debug\mystrtok.obj
C:\Users\rti\Desktop\Dropbox\git\naichichi2\julius\Debug\ngram_access.obj
C:\Users\rti\Desktop\Dropbox\git\naichichi2\julius\Debug\ngram_compact_context.obj
C:\Users\rti\Desktop\Dropbox\git\naichichi2\julius\Debug\ngram_decode.obj
C:\Users\rti\Desktop\Dropbox\git\naichichi2\julius\Debug\ngram_lookup.obj
C:\Users\rti\Desktop\Dropbox\git\naichichi2\julius\Debug\ngram_malloc.obj
C:\Users\rti\Desktop\Dropbox\git\naichichi2\julius\Debug\ngram_read_arpa.obj
C:\Users\rti\Desktop\Dropbox\git\naichichi2\julius\Debug\ngram_read_bin.obj
C:\Users\rti\Desktop\Dropbox\git\naichichi2\julius\Debug\ngram_util.obj
C:\Users\rti\Desktop\Dropbox\git\naichichi2\julius\Debug\ngram_write_bin.obj
C:\Users\rti\Desktop\Dropbox\git\naichichi2\julius\Debug\outprob.obj
C:\Users\rti\Desktop\Dropbox\git\naichichi2\julius\Debug\outprob_init.obj
C:\Users\rti\Desktop\Dropbox\git\naichichi2\julius\Debug\outprob_style.obj
C:\Users\rti\Desktop\Dropbox\git\naichichi2\julius\Debug\para.obj
C:\Users\rti\Desktop\Dropbox\git\naichichi2\julius\Debug\param_malloc.obj
C:\Users\rti\Desktop\Dropbox\git\naichichi2\julius\Debug\paramselect.obj
C:\Users\rti\Desktop\Dropbox\git\naichichi2\julius\Debug\paramtypes.obj
C:\Users\rti\Desktop\Dropbox\git\naichichi2\julius\Debug\pass1.obj
C:\Users\rti\Desktop\Dropbox\git\naichichi2\julius\Debug\plugin.obj
C:\Users\rti\Desktop\Dropbox\git\naichichi2\julius\Debug\ptree.obj
C:\Users\rti\Desktop\Dropbox\git\naichichi2\julius\Debug\put_htkdata_info.obj
C:\Users\rti\Desktop\Dropbox\git\naichichi2\julius\Debug\qsort.obj
C:\Users\rti\Desktop\Dropbox\git\naichichi2\julius\Debug\rddfa.obj
C:\Users\rti\Desktop\Dropbox\git\naichichi2\julius\Debug\rdhmmdef.obj
C:\Users\rti\Desktop\Dropbox\git\naichichi2\julius\Debug\rdhmmdef_data.obj
C:\Users\rti\Desktop\Dropbox\git\naichichi2\julius\Debug\rdhmmdef_dens.obj
C:\Users\rti\Desktop\Dropbox\git\naichichi2\julius\Debug\rdhmmdef_mpdf.obj
C:\Users\rti\Desktop\Dropbox\git\naichichi2\julius\Debug\rdhmmdef_options.obj
C:\Users\rti\Desktop\Dropbox\git\naichichi2\julius\Debug\rdhmmdef_regtree.obj
C:\Users\rti\Desktop\Dropbox\git\naichichi2\julius\Debug\rdhmmdef_state.obj
C:\Users\rti\Desktop\Dropbox\git\naichichi2\julius\Debug\rdhmmdef_streamweight.obj
C:\Users\rti\Desktop\Dropbox\git\naichichi2\julius\Debug\rdhmmdef_tiedmix.obj
C:\Users\rti\Desktop\Dropbox\git\naichichi2\julius\Debug\rdhmmdef_trans.obj
C:\Users\rti\Desktop\Dropbox\git\naichichi2\julius\Debug\rdhmmdef_var.obj
C:\Users\rti\Desktop\Dropbox\git\naichichi2\julius\Debug\rdhmmlist.obj
C:\Users\rti\Desktop\Dropbox\git\naichichi2\julius\Debug\rdparam.obj
C:\Users\rti\Desktop\Dropbox\git\naichichi2\julius\Debug\rdwt.obj
C:\Users\rti\Desktop\Dropbox\git\naichichi2\julius\Debug\read_binhmm.obj
C:\Users\rti\Desktop\Dropbox\git\naichichi2\julius\Debug\read_binhmmlist.obj
C:\Users\rti\Desktop\Dropbox\git\naichichi2\julius\Debug\readfile.obj
C:\Users\rti\Desktop\Dropbox\git\naichichi2\julius\Debug\realtime-1stpass.obj
C:\Users\rti\Desktop\Dropbox\git\naichichi2\julius\Debug\recogmain.obj
C:\Users\rti\Desktop\Dropbox\git\naichichi2\julius\Debug\search_bestfirst_main.obj
C:\Users\rti\Desktop\Dropbox\git\naichichi2\julius\Debug\search_bestfirst_v1.obj
C:\Users\rti\Desktop\Dropbox\git\naichichi2\julius\Debug\search_bestfirst_v2.obj
C:\Users\rti\Desktop\Dropbox\git\naichichi2\julius\Debug\server-client.obj
C:\Users\rti\Desktop\Dropbox\git\naichichi2\julius\Debug\spsegment.obj
C:\Users\rti\Desktop\Dropbox\git\naichichi2\julius\Debug\ss.obj
C:\Users\rti\Desktop\Dropbox\git\naichichi2\julius\Debug\strcasecmp.obj
C:\Users\rti\Desktop\Dropbox\git\naichichi2\julius\Debug\strip.obj
C:\Users\rti\Desktop\Dropbox\git\naichichi2\julius\Debug\strip_mfcc.obj
C:\Users\rti\Desktop\Dropbox\git\naichichi2\julius\Debug\useropt.obj
C:\Users\rti\Desktop\Dropbox\git\naichichi2\julius\Debug\vc100.idb
C:\Users\rti\Desktop\Dropbox\git\naichichi2\julius\Debug\vc100.pdb
C:\Users\rti\Desktop\Dropbox\git\naichichi2\julius\Debug\version.obj
C:\Users\rti\Desktop\Dropbox\git\naichichi2\julius\Debug\voca_load_htkdict.obj
C:\Users\rti\Desktop\Dropbox\git\naichichi2\julius\Debug\voca_load_wordlist.obj
C:\Users\rti\Desktop\Dropbox\git\naichichi2\julius\Debug\voca_lookup.obj
C:\Users\rti\Desktop\Dropbox\git\naichichi2\julius\Debug\voca_malloc.obj
C:\Users\rti\Desktop\Dropbox\git\naichichi2\julius\Debug\voca_util.obj
C:\Users\rti\Desktop\Dropbox\git\naichichi2\julius\Debug\vsegment.obj
C:\Users\rti\Desktop\Dropbox\git\naichichi2\julius\Debug\wav2mfcc.obj
C:\Users\rti\Desktop\Dropbox\git\naichichi2\julius\Debug\wav2mfcc-buffer.obj
C:\Users\rti\Desktop\Dropbox\git\naichichi2\julius\Debug\wav2mfcc-pipe.obj
C:\Users\rti\Desktop\Dropbox\git\naichichi2\julius\Debug\wchmm.obj
C:\Users\rti\Desktop\Dropbox\git\naichichi2\julius\Debug\wchmm_check.obj
C:\Users\rti\Desktop\Dropbox\git\naichichi2\julius\Debug\word_align.obj
C:\Users\rti\Desktop\Dropbox\git\naichichi2\julius\Debug\write_binhmm.obj
C:\Users\rti\Desktop\Dropbox\git\naichichi2\julius\Debug\write_binhmmlist.obj
C:\Users\rti\Desktop\Dropbox\git\naichichi2\julius\Debug\wrsamp.obj
C:\Users\rti\Desktop\Dropbox\git\naichichi2\julius\Debug\wrwav.obj
C:\Users\rti\Desktop\Dropbox\git\naichichi2\julius\Debug\zc-e.obj
C:\Users\rti\Desktop\Dropbox\git\naichichi2\julius\Debug\zmean.obj
C:\USERS\RTI\DESKTOP\DROPBOX\NAICHICHI2\DEBUG\JULIUS.LIB
C:\USERS\RTI\DESKTOP\DROPBOX\NAICHICHI2\JULIUS\DEBUG\ADDLOG.OBJ
C:\USERS\RTI\DESKTOP\DROPBOX\NAICHICHI2\JULIUS\DEBUG\ADIN_FILE.OBJ
C:\USERS\RTI\DESKTOP\DROPBOX\NAICHICHI2\JULIUS\DEBUG\ADIN_PORTAUDIO.OBJ
C:\USERS\RTI\DESKTOP\DROPBOX\NAICHICHI2\JULIUS\DEBUG\ADIN_TCPIP.OBJ
C:\USERS\RTI\DESKTOP\DROPBOX\NAICHICHI2\JULIUS\DEBUG\ADIN-CUT.OBJ
C:\USERS\RTI\DESKTOP\DROPBOX\NAICHICHI2\JULIUS\DEBUG\APTREE.OBJ
C:\USERS\RTI\DESKTOP\DROPBOX\NAICHICHI2\JULIUS\DEBUG\BACKTRELLIS.OBJ
C:\USERS\RTI\DESKTOP\DROPBOX\NAICHICHI2\JULIUS\DEBUG\BEAM.OBJ
C:\USERS\RTI\DESKTOP\DROPBOX\NAICHICHI2\JULIUS\DEBUG\CALC_MIX.OBJ
C:\USERS\RTI\DESKTOP\DROPBOX\NAICHICHI2\JULIUS\DEBUG\CALC_TIED_MIX.OBJ
C:\USERS\RTI\DESKTOP\DROPBOX\NAICHICHI2\JULIUS\DEBUG\CALLBACK.OBJ
C:\USERS\RTI\DESKTOP\DROPBOX\NAICHICHI2\JULIUS\DEBUG\CDHMM.OBJ
C:\USERS\RTI\DESKTOP\DROPBOX\NAICHICHI2\JULIUS\DEBUG\CDSET.OBJ
C:\USERS\RTI\DESKTOP\DROPBOX\NAICHICHI2\JULIUS\DEBUG\CHECK_HMM_RESTRICTION.OBJ
C:\USERS\RTI\DESKTOP\DROPBOX\NAICHICHI2\JULIUS\DEBUG\CHECK_HMMTYPE.OBJ
C:\USERS\RTI\DESKTOP\DROPBOX\NAICHICHI2\JULIUS\DEBUG\CHKHMMLIST.OBJ
C:\USERS\RTI\DESKTOP\DROPBOX\NAICHICHI2\JULIUS\DEBUG\CONFNET.OBJ
C:\USERS\RTI\DESKTOP\DROPBOX\NAICHICHI2\JULIUS\DEBUG\CONFOUT.OBJ
C:\USERS\RTI\DESKTOP\DROPBOX\NAICHICHI2\JULIUS\DEBUG\CPAIR.OBJ
C:\USERS\RTI\DESKTOP\DROPBOX\NAICHICHI2\JULIUS\DEBUG\DEFAULT.OBJ
C:\USERS\RTI\DESKTOP\DROPBOX\NAICHICHI2\JULIUS\DEBUG\DFA_DECODE.OBJ
C:\USERS\RTI\DESKTOP\DROPBOX\NAICHICHI2\JULIUS\DEBUG\DFA_LOOKUP.OBJ
C:\USERS\RTI\DESKTOP\DROPBOX\NAICHICHI2\JULIUS\DEBUG\DFA_MALLOC.OBJ
C:\USERS\RTI\DESKTOP\DROPBOX\NAICHICHI2\JULIUS\DEBUG\DFA_UTIL.OBJ
C:\USERS\RTI\DESKTOP\DROPBOX\NAICHICHI2\JULIUS\DEBUG\DS48TO16.OBJ
C:\USERS\RTI\DESKTOP\DROPBOX\NAICHICHI2\JULIUS\DEBUG\ENDIAN.OBJ
C:\USERS\RTI\DESKTOP\DROPBOX\NAICHICHI2\JULIUS\DEBUG\FACTORING_SUB.OBJ
C:\USERS\RTI\DESKTOP\DROPBOX\NAICHICHI2\JULIUS\DEBUG\GMM.OBJ
C:\USERS\RTI\DESKTOP\DROPBOX\NAICHICHI2\JULIUS\DEBUG\GMS.OBJ
C:\USERS\RTI\DESKTOP\DROPBOX\NAICHICHI2\JULIUS\DEBUG\GMS_GPRUNE.OBJ
C:\USERS\RTI\DESKTOP\DROPBOX\NAICHICHI2\JULIUS\DEBUG\GPRUNE_BEAM.OBJ
C:\USERS\RTI\DESKTOP\DROPBOX\NAICHICHI2\JULIUS\DEBUG\GPRUNE_COMMON.OBJ
C:\USERS\RTI\DESKTOP\DROPBOX\NAICHICHI2\JULIUS\DEBUG\GPRUNE_HEU.OBJ
C:\USERS\RTI\DESKTOP\DROPBOX\NAICHICHI2\JULIUS\DEBUG\GPRUNE_NONE.OBJ
C:\USERS\RTI\DESKTOP\DROPBOX\NAICHICHI2\JULIUS\DEBUG\GPRUNE_SAFE.OBJ
C:\USERS\RTI\DESKTOP\DROPBOX\NAICHICHI2\JULIUS\DEBUG\GRAMLIST.OBJ
C:\USERS\RTI\DESKTOP\DROPBOX\NAICHICHI2\JULIUS\DEBUG\GRAPHOUT.OBJ
C:\USERS\RTI\DESKTOP\DROPBOX\NAICHICHI2\JULIUS\DEBUG\GUESS_CDHMM.OBJ
C:\USERS\RTI\DESKTOP\DROPBOX\NAICHICHI2\JULIUS\DEBUG\GZFILE.OBJ
C:\USERS\RTI\DESKTOP\DROPBOX\NAICHICHI2\JULIUS\DEBUG\HMM_CHECK.OBJ
C:\USERS\RTI\DESKTOP\DROPBOX\NAICHICHI2\JULIUS\DEBUG\HMM_LOOKUP.OBJ
C:\USERS\RTI\DESKTOP\DROPBOX\NAICHICHI2\JULIUS\DEBUG\INIT_DFA.OBJ
C:\USERS\RTI\DESKTOP\DROPBOX\NAICHICHI2\JULIUS\DEBUG\INIT_NGRAM.OBJ
C:\USERS\RTI\DESKTOP\DROPBOX\NAICHICHI2\JULIUS\DEBUG\INIT_PHMM.OBJ
C:\USERS\RTI\DESKTOP\DROPBOX\NAICHICHI2\JULIUS\DEBUG\INIT_VOCA.OBJ
C:\USERS\RTI\DESKTOP\DROPBOX\NAICHICHI2\JULIUS\DEBUG\INSTANCE.OBJ
C:\USERS\RTI\DESKTOP\DROPBOX\NAICHICHI2\JULIUS\DEBUG\JFUNC.OBJ
C:\USERS\RTI\DESKTOP\DROPBOX\NAICHICHI2\JULIUS\DEBUG\JLOG.OBJ
C:\USERS\RTI\DESKTOP\DROPBOX\NAICHICHI2\JULIUS\DEBUG\M_ADIN.OBJ
C:\USERS\RTI\DESKTOP\DROPBOX\NAICHICHI2\JULIUS\DEBUG\M_CHKPARAM.OBJ
C:\USERS\RTI\DESKTOP\DROPBOX\NAICHICHI2\JULIUS\DEBUG\M_FUSION.OBJ
C:\USERS\RTI\DESKTOP\DROPBOX\NAICHICHI2\JULIUS\DEBUG\M_INFO.OBJ
C:\USERS\RTI\DESKTOP\DROPBOX\NAICHICHI2\JULIUS\DEBUG\M_JCONF.OBJ
C:\USERS\RTI\DESKTOP\DROPBOX\NAICHICHI2\JULIUS\DEBUG\M_OPTIONS.OBJ
C:\USERS\RTI\DESKTOP\DROPBOX\NAICHICHI2\JULIUS\DEBUG\M_USAGE.OBJ
C:\USERS\RTI\DESKTOP\DROPBOX\NAICHICHI2\JULIUS\DEBUG\MFCC-CORE.OBJ
C:\USERS\RTI\DESKTOP\DROPBOX\NAICHICHI2\JULIUS\DEBUG\MKCPAIR.OBJ
C:\USERS\RTI\DESKTOP\DROPBOX\NAICHICHI2\JULIUS\DEBUG\MKTERMINFO.OBJ
C:\USERS\RTI\DESKTOP\DROPBOX\NAICHICHI2\JULIUS\DEBUG\MKWHMM.OBJ
C:\USERS\RTI\DESKTOP\DROPBOX\NAICHICHI2\JULIUS\DEBUG\MULTI-GRAM.OBJ
C:\USERS\RTI\DESKTOP\DROPBOX\NAICHICHI2\JULIUS\DEBUG\MYBMALLOC.OBJ
C:\USERS\RTI\DESKTOP\DROPBOX\NAICHICHI2\JULIUS\DEBUG\MYMALLOC.OBJ
C:\USERS\RTI\DESKTOP\DROPBOX\NAICHICHI2\JULIUS\DEBUG\MYSTRTOK.OBJ
C:\USERS\RTI\DESKTOP\DROPBOX\NAICHICHI2\JULIUS\DEBUG\NGRAM_ACCESS.OBJ
C:\USERS\RTI\DESKTOP\DROPBOX\NAICHICHI2\JULIUS\DEBUG\NGRAM_COMPACT_CONTEXT.OBJ
C:\USERS\RTI\DESKTOP\DROPBOX\NAICHICHI2\JULIUS\DEBUG\NGRAM_DECODE.OBJ
C:\USERS\RTI\DESKTOP\DROPBOX\NAICHICHI2\JULIUS\DEBUG\NGRAM_LOOKUP.OBJ
C:\USERS\RTI\DESKTOP\DROPBOX\NAICHICHI2\JULIUS\DEBUG\NGRAM_MALLOC.OBJ
C:\USERS\RTI\DESKTOP\DROPBOX\NAICHICHI2\JULIUS\DEBUG\NGRAM_READ_ARPA.OBJ
C:\USERS\RTI\DESKTOP\DROPBOX\NAICHICHI2\JULIUS\DEBUG\NGRAM_READ_BIN.OBJ
C:\USERS\RTI\DESKTOP\DROPBOX\NAICHICHI2\JULIUS\DEBUG\NGRAM_UTIL.OBJ
C:\USERS\RTI\DESKTOP\DROPBOX\NAICHICHI2\JULIUS\DEBUG\NGRAM_WRITE_BIN.OBJ
C:\USERS\RTI\DESKTOP\DROPBOX\NAICHICHI2\JULIUS\DEBUG\OUTPROB.OBJ
C:\USERS\RTI\DESKTOP\DROPBOX\NAICHICHI2\JULIUS\DEBUG\OUTPROB_INIT.OBJ
C:\USERS\RTI\DESKTOP\DROPBOX\NAICHICHI2\JULIUS\DEBUG\OUTPROB_STYLE.OBJ
C:\USERS\RTI\DESKTOP\DROPBOX\NAICHICHI2\JULIUS\DEBUG\PARA.OBJ
C:\USERS\RTI\DESKTOP\DROPBOX\NAICHICHI2\JULIUS\DEBUG\PARAM_MALLOC.OBJ
C:\USERS\RTI\DESKTOP\DROPBOX\NAICHICHI2\JULIUS\DEBUG\PARAMSELECT.OBJ
C:\USERS\RTI\DESKTOP\DROPBOX\NAICHICHI2\JULIUS\DEBUG\PARAMTYPES.OBJ
C:\USERS\RTI\DESKTOP\DROPBOX\NAICHICHI2\JULIUS\DEBUG\PASS1.OBJ
C:\USERS\RTI\DESKTOP\DROPBOX\NAICHICHI2\JULIUS\DEBUG\PLUGIN.OBJ
C:\USERS\RTI\DESKTOP\DROPBOX\NAICHICHI2\JULIUS\DEBUG\PTREE.OBJ
C:\USERS\RTI\DESKTOP\DROPBOX\NAICHICHI2\JULIUS\DEBUG\PUT_HTKDATA_INFO.OBJ
C:\USERS\RTI\DESKTOP\DROPBOX\NAICHICHI2\JULIUS\DEBUG\QSORT.OBJ
C:\USERS\RTI\DESKTOP\DROPBOX\NAICHICHI2\JULIUS\DEBUG\RDDFA.OBJ
C:\USERS\RTI\DESKTOP\DROPBOX\NAICHICHI2\JULIUS\DEBUG\RDHMMDEF.OBJ
C:\USERS\RTI\DESKTOP\DROPBOX\NAICHICHI2\JULIUS\DEBUG\RDHMMDEF_DATA.OBJ
C:\USERS\RTI\DESKTOP\DROPBOX\NAICHICHI2\JULIUS\DEBUG\RDHMMDEF_DENS.OBJ
C:\USERS\RTI\DESKTOP\DROPBOX\NAICHICHI2\JULIUS\DEBUG\RDHMMDEF_MPDF.OBJ
C:\USERS\RTI\DESKTOP\DROPBOX\NAICHICHI2\JULIUS\DEBUG\RDHMMDEF_OPTIONS.OBJ
C:\USERS\RTI\DESKTOP\DROPBOX\NAICHICHI2\JULIUS\DEBUG\RDHMMDEF_REGTREE.OBJ
C:\USERS\RTI\DESKTOP\DROPBOX\NAICHICHI2\JULIUS\DEBUG\RDHMMDEF_STATE.OBJ
C:\USERS\RTI\DESKTOP\DROPBOX\NAICHICHI2\JULIUS\DEBUG\RDHMMDEF_STREAMWEIGHT.OBJ
C:\USERS\RTI\DESKTOP\DROPBOX\NAICHICHI2\JULIUS\DEBUG\RDHMMDEF_TIEDMIX.OBJ
C:\USERS\RTI\DESKTOP\DROPBOX\NAICHICHI2\JULIUS\DEBUG\RDHMMDEF_TRANS.OBJ
C:\USERS\RTI\DESKTOP\DROPBOX\NAICHICHI2\JULIUS\DEBUG\RDHMMDEF_VAR.OBJ
C:\USERS\RTI\DESKTOP\DROPBOX\NAICHICHI2\JULIUS\DEBUG\RDHMMLIST.OBJ
C:\USERS\RTI\DESKTOP\DROPBOX\NAICHICHI2\JULIUS\DEBUG\RDPARAM.OBJ
C:\USERS\RTI\DESKTOP\DROPBOX\NAICHICHI2\JULIUS\DEBUG\RDWT.OBJ
C:\USERS\RTI\DESKTOP\DROPBOX\NAICHICHI2\JULIUS\DEBUG\READ_BINHMM.OBJ
C:\USERS\RTI\DESKTOP\DROPBOX\NAICHICHI2\JULIUS\DEBUG\READ_BINHMMLIST.OBJ
C:\USERS\RTI\DESKTOP\DROPBOX\NAICHICHI2\JULIUS\DEBUG\READFILE.OBJ
C:\USERS\RTI\DESKTOP\DROPBOX\NAICHICHI2\JULIUS\DEBUG\REALTIME-1STPASS.OBJ
C:\USERS\RTI\DESKTOP\DROPBOX\NAICHICHI2\JULIUS\DEBUG\RECOGMAIN.OBJ
C:\USERS\RTI\DESKTOP\DROPBOX\NAICHICHI2\JULIUS\DEBUG\SEARCH_BESTFIRST_MAIN.OBJ
C:\USERS\RTI\DESKTOP\DROPBOX\NAICHICHI2\JULIUS\DEBUG\SEARCH_BESTFIRST_V1.OBJ
C:\USERS\RTI\DESKTOP\DROPBOX\NAICHICHI2\JULIUS\DEBUG\SEARCH_BESTFIRST_V2.OBJ
C:\USERS\RTI\DESKTOP\DROPBOX\NAICHICHI2\JULIUS\DEBUG\SERVER-CLIENT.OBJ
C:\USERS\RTI\DESKTOP\DROPBOX\NAICHICHI2\JULIUS\DEBUG\SPSEGMENT.OBJ
C:\USERS\RTI\DESKTOP\DROPBOX\NAICHICHI2\JULIUS\DEBUG\SS.OBJ
C:\USERS\RTI\DESKTOP\DROPBOX\NAICHICHI2\JULIUS\DEBUG\STRCASECMP.OBJ
C:\USERS\RTI\DESKTOP\DROPBOX\NAICHICHI2\JULIUS\DEBUG\STRIP.OBJ
C:\USERS\RTI\DESKTOP\DROPBOX\NAICHICHI2\JULIUS\DEBUG\STRIP_MFCC.OBJ
C:\USERS\RTI\DESKTOP\DROPBOX\NAICHICHI2\JULIUS\DEBUG\USEROPT.OBJ
C:\USERS\RTI\DESKTOP\DROPBOX\NAICHICHI2\JULIUS\DEBUG\VC100.PDB
C:\USERS\RTI\DESKTOP\DROPBOX\NAICHICHI2\JULIUS\DEBUG\VERSION.OBJ
C:\USERS\RTI\DESKTOP\DROPBOX\NAICHICHI2\JULIUS\DEBUG\VOCA_LOAD_HTKDICT.OBJ
C:\USERS\RTI\DESKTOP\DROPBOX\NAICHICHI2\JULIUS\DEBUG\VOCA_LOAD_WORDLIST.OBJ
C:\USERS\RTI\DESKTOP\DROPBOX\NAICHICHI2\JULIUS\DEBUG\VOCA_LOOKUP.OBJ
C:\USERS\RTI\DESKTOP\DROPBOX\NAICHICHI2\JULIUS\DEBUG\VOCA_MALLOC.OBJ
C:\USERS\RTI\DESKTOP\DROPBOX\NAICHICHI2\JULIUS\DEBUG\VOCA_UTIL.OBJ
C:\USERS\RTI\DESKTOP\DROPBOX\NAICHICHI2\JULIUS\DEBUG\VSEGMENT.OBJ
C:\USERS\RTI\DESKTOP\DROPBOX\NAICHICHI2\JULIUS\DEBUG\WAV2MFCC.OBJ
C:\USERS\RTI\DESKTOP\DROPBOX\NAICHICHI2\JULIUS\DEBUG\WAV2MFCC-BUFFER.OBJ
C:\USERS\RTI\DESKTOP\DROPBOX\NAICHICHI2\JULIUS\DEBUG\WAV2MFCC-PIPE.OBJ
C:\USERS\RTI\DESKTOP\DROPBOX\NAICHICHI2\JULIUS\DEBUG\WCHMM.OBJ
C:\USERS\RTI\DESKTOP\DROPBOX\NAICHICHI2\JULIUS\DEBUG\WCHMM_CHECK.OBJ
C:\USERS\RTI\DESKTOP\DROPBOX\NAICHICHI2\JULIUS\DEBUG\WORD_ALIGN.OBJ
C:\USERS\RTI\DESKTOP\DROPBOX\NAICHICHI2\JULIUS\DEBUG\WRITE_BINHMM.OBJ
C:\USERS\RTI\DESKTOP\DROPBOX\NAICHICHI2\JULIUS\DEBUG\WRITE_BINHMMLIST.OBJ
C:\USERS\RTI\DESKTOP\DROPBOX\NAICHICHI2\JULIUS\DEBUG\WRSAMP.OBJ
C:\USERS\RTI\DESKTOP\DROPBOX\NAICHICHI2\JULIUS\DEBUG\WRWAV.OBJ
C:\USERS\RTI\DESKTOP\DROPBOX\NAICHICHI2\JULIUS\DEBUG\ZC-E.OBJ
C:\USERS\RTI\DESKTOP\DROPBOX\NAICHICHI2\JULIUS\DEBUG\ZMEAN.OBJ
