C:\USERS\RTI\DESKTOP\DROPBOX\GIT\NAICHICHI2\RELEASE\ZLIB.LIB
C:\USERS\RTI\DESKTOP\DROPBOX\GIT\NAICHICHI2\ZLIB\RELEASE\ADLER32.OBJ
C:\USERS\RTI\DESKTOP\DROPBOX\GIT\NAICHICHI2\ZLIB\RELEASE\COMPRESS.OBJ
C:\USERS\RTI\DESKTOP\DROPBOX\GIT\NAICHICHI2\ZLIB\RELEASE\CRC32.OBJ
C:\USERS\RTI\DESKTOP\DROPBOX\GIT\NAICHICHI2\ZLIB\RELEASE\DEFLATE.OBJ
C:\USERS\RTI\DESKTOP\DROPBOX\GIT\NAICHICHI2\ZLIB\RELEASE\GZCLOSE.OBJ
C:\USERS\RTI\DESKTOP\DROPBOX\GIT\NAICHICHI2\ZLIB\RELEASE\GZLIB.OBJ
C:\USERS\RTI\DESKTOP\DROPBOX\GIT\NAICHICHI2\ZLIB\RELEASE\GZREAD.OBJ
C:\USERS\RTI\DESKTOP\DROPBOX\GIT\NAICHICHI2\ZLIB\RELEASE\GZWRITE.OBJ
C:\USERS\RTI\DESKTOP\DROPBOX\GIT\NAICHICHI2\ZLIB\RELEASE\INFBACK.OBJ
C:\USERS\RTI\DESKTOP\DROPBOX\GIT\NAICHICHI2\ZLIB\RELEASE\INFFAST.OBJ
C:\USERS\RTI\DESKTOP\DROPBOX\GIT\NAICHICHI2\ZLIB\RELEASE\INFLATE.OBJ
C:\USERS\RTI\DESKTOP\DROPBOX\GIT\NAICHICHI2\ZLIB\RELEASE\INFTREES.OBJ
C:\USERS\RTI\DESKTOP\DROPBOX\GIT\NAICHICHI2\ZLIB\RELEASE\IOAPI.OBJ
C:\USERS\RTI\DESKTOP\DROPBOX\GIT\NAICHICHI2\ZLIB\RELEASE\IOWIN32.OBJ
C:\USERS\RTI\DESKTOP\DROPBOX\GIT\NAICHICHI2\ZLIB\RELEASE\MZTOOLS.OBJ
C:\USERS\RTI\DESKTOP\DROPBOX\GIT\NAICHICHI2\ZLIB\RELEASE\TREES.OBJ
C:\USERS\RTI\DESKTOP\DROPBOX\GIT\NAICHICHI2\ZLIB\RELEASE\UNCOMPR.OBJ
C:\USERS\RTI\DESKTOP\DROPBOX\GIT\NAICHICHI2\ZLIB\RELEASE\UNZIP.OBJ
C:\USERS\RTI\DESKTOP\DROPBOX\GIT\NAICHICHI2\ZLIB\RELEASE\VC100.PDB
C:\USERS\RTI\DESKTOP\DROPBOX\GIT\NAICHICHI2\ZLIB\RELEASE\ZIP.OBJ
C:\USERS\RTI\DESKTOP\DROPBOX\GIT\NAICHICHI2\ZLIB\RELEASE\ZUTIL.OBJ
C:\Users\rti\Desktop\naichichi2\Release\zlib.lib
C:\Users\rti\Desktop\naichichi2\zlib\Release\adler32.obj
C:\Users\rti\Desktop\naichichi2\zlib\Release\cl.command.1.tlog
C:\Users\rti\Desktop\naichichi2\zlib\Release\CL.read.1.tlog
C:\Users\rti\Desktop\naichichi2\zlib\Release\CL.write.1.tlog
C:\Users\rti\Desktop\naichichi2\zlib\Release\compress.obj
C:\Users\rti\Desktop\naichichi2\zlib\Release\crc32.obj
C:\Users\rti\Desktop\naichichi2\zlib\Release\deflate.obj
C:\Users\rti\Desktop\naichichi2\zlib\Release\gzclose.obj
C:\Users\rti\Desktop\naichichi2\zlib\Release\gzlib.obj
C:\Users\rti\Desktop\naichichi2\zlib\Release\gzread.obj
C:\Users\rti\Desktop\naichichi2\zlib\Release\gzwrite.obj
C:\Users\rti\Desktop\naichichi2\zlib\Release\infback.obj
C:\Users\rti\Desktop\naichichi2\zlib\Release\inffast.obj
C:\Users\rti\Desktop\naichichi2\zlib\Release\inflate.obj
C:\Users\rti\Desktop\naichichi2\zlib\Release\inftrees.obj
C:\Users\rti\Desktop\naichichi2\zlib\Release\ioapi.obj
C:\Users\rti\Desktop\naichichi2\zlib\Release\iowin32.obj
C:\Users\rti\Desktop\naichichi2\zlib\Release\lib.command.1.tlog
C:\Users\rti\Desktop\naichichi2\zlib\Release\Lib-link.read.1.tlog
C:\Users\rti\Desktop\naichichi2\zlib\Release\Lib-link.write.1.tlog
C:\Users\rti\Desktop\naichichi2\zlib\Release\mztools.obj
C:\Users\rti\Desktop\naichichi2\zlib\Release\trees.obj
C:\Users\rti\Desktop\naichichi2\zlib\Release\uncompr.obj
C:\Users\rti\Desktop\naichichi2\zlib\Release\unzip.obj
C:\Users\rti\Desktop\naichichi2\zlib\Release\vc100.pdb
C:\Users\rti\Desktop\naichichi2\zlib\Release\zip.obj
C:\Users\rti\Desktop\naichichi2\zlib\Release\zlib.write.1.tlog
C:\Users\rti\Desktop\naichichi2\zlib\Release\zutil.obj
