2012/05/26 0:45:39 にビルドを開始しました。
     1>ノード 5 上のプロジェクト "C:\Users\rti\Desktop\naichichi2\julius\julius.vcxproj" (rebuild ターゲット)。
     1>_PrepareForClean:
         ファイル "Release\julius.lastbuildstate" を削除しています。
       InitializeBuildStatus:
         "Release\julius.unsuccessfulbuild" のタッチ タスクを実行しています。
       ClCompile:
         C:\Program Files (x86)\Microsoft Visual Studio 10.0\VC\bin\CL.exe /c /Ilibjulius\include /Ilibsent\include /Imsvc\config /Imsvc\portaudio /Imsvc\zlib /Zi /nologo /W3 /WX- /O2 /Oi /Oy- /GL /D _MBCS /D _CRT_SECURE_NO_WARNINGS /D _MBCS /Gm- /EHsc /MD /GS /Gy /fp:precise /Zc:wchar_t /Zc:forScope /Fo"Release\\" /Fd"Release\vc100.pdb" /Gd /TC /wd4996 /wd4995 /wd4244 /wd4018 /wd4305 /wd4101 /wd4819 /analyze- /errorReport:prompt "libjulius\src\adin-cut.c" libjulius\src\backtrellis.c libjulius\src\beam.c libjulius\src\callback.c libjulius\src\confnet.c libjulius\src\default.c libjulius\src\dfa_decode.c libjulius\src\factoring_sub.c libjulius\src\gmm.c libjulius\src\gramlist.c libjulius\src\graphout.c libjulius\src\hmm_check.c libjulius\src\instance.c libjulius\src\jfunc.c "libjulius\src\multi-gram.c" libjulius\src\m_adin.c libjulius\src\m_chkparam.c libjulius\src\m_fusion.c libjulius\src\m_info.c libjulius\src\m_jconf.c libjulius\src\m_options.c libjulius\src\m_usage.c libjulius\src\ngram_decode.c libjulius\src\outprob_style.c libjulius\src\pass1.c libjulius\src\plugin.c "libjulius\src\realtime-1stpass.c" libjulius\src\recogmain.c libjulius\src\search_bestfirst_main.c libjulius\src\search_bestfirst_v1.c libjulius\src\search_bestfirst_v2.c libjulius\src\spsegment.c libjulius\src\useropt.c libjulius\src\wav2mfcc.c libjulius\src\wchmm.c libjulius\src\wchmm_check.c libjulius\src\word_align.c libsent\src\adin\adin_file.c libsent\src\adin\adin_portaudio.c libsent\src\adin\adin_tcpip.c libsent\src\adin\ds48to16.c "libsent\src\adin\zc-e.c" libsent\src\adin\zmean.c libsent\src\anlz\paramselect.c libsent\src\anlz\paramtypes.c libsent\src\anlz\param_malloc.c libsent\src\anlz\rdparam.c libsent\src\anlz\strip.c libsent\src\anlz\strip_mfcc.c libsent\src\anlz\wrsamp.c libsent\src\anlz\wrwav.c libsent\src\dfa\cpair.c libsent\src\dfa\dfa_lookup.c libsent\src\dfa\dfa_malloc.c libsent\src\dfa\dfa_util.c libsent\src\dfa\init_dfa.c libsent\src\dfa\mkcpair.c libsent\src\dfa\mkterminfo.c libsent\src\dfa\rddfa.c libsent\src\hmminfo\cdhmm.c libsent\src\hmminfo\cdset.c libsent\src\hmminfo\check_hmmtype.c libsent\src\hmminfo\check_hmm_restriction.c libsent\src\hmminfo\chkhmmlist.c libsent\src\hmminfo\guess_cdHMM.c libsent\src\hmminfo\hmm_lookup.c libsent\src\hmminfo\init_phmm.c libsent\src\hmminfo\put_htkdata_info.c libsent\src\hmminfo\rdhmmdef.c libsent\src\hmminfo\rdhmmdef_data.c libsent\src\hmminfo\rdhmmdef_dens.c libsent\src\hmminfo\rdhmmdef_mpdf.c libsent\src\hmminfo\rdhmmdef_options.c libsent\src\hmminfo\rdhmmdef_regtree.c libsent\src\hmminfo\rdhmmdef_state.c libsent\src\hmminfo\rdhmmdef_streamweight.c libsent\src\hmminfo\rdhmmdef_tiedmix.c libsent\src\hmminfo\rdhmmdef_trans.c libsent\src\hmminfo\rdhmmdef_var.c libsent\src\hmminfo\rdhmmlist.c libsent\src\hmminfo\read_binhmm.c libsent\src\hmminfo\read_binhmmlist.c libsent\src\hmminfo\write_binhmm.c libsent\src\hmminfo\write_binhmmlist.c libsent\src\net\rdwt.c "libsent\src\net\server-client.c" libsent\src\ngram\init_ngram.c libsent\src\ngram\ngram_access.c libsent\src\ngram\ngram_compact_context.c libsent\src\ngram\ngram_lookup.c libsent\src\ngram\ngram_malloc.c libsent\src\ngram\ngram_read_arpa.c libsent\src\ngram\ngram_read_bin.c libsent\src\ngram\ngram_util.c libsent\src\ngram\ngram_write_bin.c libsent\src\phmm\addlog.c libsent\src\phmm\calc_mix.c libsent\src\phmm\calc_tied_mix.c libsent\src\phmm\gms.c libsent\src\phmm\gms_gprune.c libsent\src\phmm\gprune_beam.c libsent\src\phmm\gprune_common.c libsent\src\phmm\gprune_heu.c libsent\src\phmm\gprune_none.c libsent\src\phmm\gprune_safe.c libsent\src\phmm\mkwhmm.c libsent\src\phmm\outprob.c libsent\src\phmm\outprob_init.c libsent\src\phmm\vsegment.c libsent\src\util\aptree.c libsent\src\util\confout.c libsent\src\util\endian.c libsent\src\util\gzfile.c libsent\src\util\jlog.c libsent\src\util\mybmalloc.c libsent\src\util\mymalloc.c libsent\src\util\mystrtok.c libsent\src\util\ptree.c libsent\src\util\qsort.c libsent\src\util\readfile.c libsent\src\util\strcasecmp.c libsent\src\voca\init_voca.c libsent\src\voca\voca_load_htkdict.c libsent\src\voca\voca_load_wordlist.c libsent\src\voca\voca_lookup.c libsent\src\voca\voca_malloc.c libsent\src\voca\voca_util.c "libsent\src\wav2mfcc\mfcc-core.c" libsent\src\wav2mfcc\para.c libsent\src\wav2mfcc\ss.c "libsent\src\wav2mfcc\wav2mfcc-buffer.c" "libsent\src\wav2mfcc\wav2mfcc-pipe.c" msvc\config\version.c
         adin-cut.c
         backtrellis.c
         beam.c
         callback.c
         confnet.c
         default.c
         dfa_decode.c
         factoring_sub.c
         gmm.c
         gramlist.c
         graphout.c
         hmm_check.c
         instance.c
         jfunc.c
         multi-gram.c
         m_adin.c
         m_chkparam.c
         m_fusion.c
         m_info.c
         m_jconf.c
         コンパイル中...
         m_options.c
         m_usage.c
         ngram_decode.c
         outprob_style.c
         pass1.c
         plugin.c
         realtime-1stpass.c
         recogmain.c
         search_bestfirst_main.c
         search_bestfirst_v1.c
         search_bestfirst_v2.c
         spsegment.c
         useropt.c
     1>libjulius\src\useropt.c(143): warning C4113: 'void (__cdecl *)()' はパラメーター リストが 'void (__cdecl *)(void)' と異なります。
         wav2mfcc.c
         wchmm.c
         wchmm_check.c
         word_align.c
         adin_file.c
         adin_portaudio.c
         adin_tcpip.c
         コンパイル中...
         ds48to16.c
         zc-e.c
         zmean.c
         paramselect.c
         paramtypes.c
         param_malloc.c
         rdparam.c
         strip.c
         strip_mfcc.c
         wrsamp.c
         wrwav.c
         cpair.c
         dfa_lookup.c
         dfa_malloc.c
         dfa_util.c
         init_dfa.c
         mkcpair.c
         mkterminfo.c
         rddfa.c
         cdhmm.c
         コンパイル中...
         cdset.c
         check_hmmtype.c
         check_hmm_restriction.c
         chkhmmlist.c
         guess_cdHMM.c
         hmm_lookup.c
         init_phmm.c
         put_htkdata_info.c
         rdhmmdef.c
         rdhmmdef_data.c
         rdhmmdef_dens.c
         rdhmmdef_mpdf.c
         rdhmmdef_options.c
         rdhmmdef_regtree.c
         rdhmmdef_state.c
         rdhmmdef_streamweight.c
         rdhmmdef_tiedmix.c
         rdhmmdef_trans.c
         rdhmmdef_var.c
         rdhmmlist.c
         コンパイル中...
         read_binhmm.c
         read_binhmmlist.c
         write_binhmm.c
         write_binhmmlist.c
         rdwt.c
         server-client.c
         init_ngram.c
         ngram_access.c
         ngram_compact_context.c
         ngram_lookup.c
         ngram_malloc.c
         ngram_read_arpa.c
         ngram_read_bin.c
         ngram_util.c
         ngram_write_bin.c
         addlog.c
         calc_mix.c
         calc_tied_mix.c
         gms.c
         gms_gprune.c
         コンパイル中...
         gprune_beam.c
         gprune_common.c
         gprune_heu.c
         gprune_none.c
         gprune_safe.c
         mkwhmm.c
         outprob.c
         outprob_init.c
         vsegment.c
         aptree.c
         confout.c
         endian.c
         gzfile.c
         jlog.c
         mybmalloc.c
         mymalloc.c
         mystrtok.c
         ptree.c
         qsort.c
         readfile.c
         コンパイル中...
         strcasecmp.c
         init_voca.c
         voca_load_htkdict.c
         voca_load_wordlist.c
         voca_lookup.c
         voca_malloc.c
         voca_util.c
         mfcc-core.c
         para.c
         ss.c
         wav2mfcc-buffer.c
         wav2mfcc-pipe.c
         version.c
       Lib:
         C:\Program Files (x86)\Microsoft Visual Studio 10.0\VC\bin\Lib.exe /OUT:"C:\Users\rti\Desktop\naichichi2\Release\julius.lib" /NOLOGO /LTCG "Release\adin-cut.obj"
         Release\backtrellis.obj
         Release\beam.obj
         Release\callback.obj
         Release\confnet.obj
         Release\default.obj
         Release\dfa_decode.obj
         Release\factoring_sub.obj
         Release\gmm.obj
         Release\gramlist.obj
         Release\graphout.obj
         Release\hmm_check.obj
         Release\instance.obj
         Release\jfunc.obj
         "Release\multi-gram.obj"
         Release\m_adin.obj
         Release\m_chkparam.obj
         Release\m_fusion.obj
         Release\m_info.obj
         Release\m_jconf.obj
         Release\m_options.obj
         Release\m_usage.obj
         Release\ngram_decode.obj
         Release\outprob_style.obj
         Release\pass1.obj
         Release\plugin.obj
         "Release\realtime-1stpass.obj"
         Release\recogmain.obj
         Release\search_bestfirst_main.obj
         Release\search_bestfirst_v1.obj
         Release\search_bestfirst_v2.obj
         Release\spsegment.obj
         Release\useropt.obj
         Release\wav2mfcc.obj
         Release\wchmm.obj
         Release\wchmm_check.obj
         Release\word_align.obj
         Release\adin_file.obj
         Release\adin_portaudio.obj
         Release\adin_tcpip.obj
         Release\ds48to16.obj
         "Release\zc-e.obj"
         Release\zmean.obj
         Release\paramselect.obj
         Release\paramtypes.obj
         Release\param_malloc.obj
         Release\rdparam.obj
         Release\strip.obj
         Release\strip_mfcc.obj
         Release\wrsamp.obj
         Release\wrwav.obj
         Release\cpair.obj
         Release\dfa_lookup.obj
         Release\dfa_malloc.obj
         Release\dfa_util.obj
         Release\init_dfa.obj
         Release\mkcpair.obj
         Release\mkterminfo.obj
         Release\rddfa.obj
         Release\cdhmm.obj
         Release\cdset.obj
         Release\check_hmmtype.obj
         Release\check_hmm_restriction.obj
         Release\chkhmmlist.obj
         Release\guess_cdHMM.obj
         Release\hmm_lookup.obj
         Release\init_phmm.obj
         Release\put_htkdata_info.obj
         Release\rdhmmdef.obj
         Release\rdhmmdef_data.obj
         Release\rdhmmdef_dens.obj
         Release\rdhmmdef_mpdf.obj
         Release\rdhmmdef_options.obj
         Release\rdhmmdef_regtree.obj
         Release\rdhmmdef_state.obj
         Release\rdhmmdef_streamweight.obj
         Release\rdhmmdef_tiedmix.obj
         Release\rdhmmdef_trans.obj
         Release\rdhmmdef_var.obj
         Release\rdhmmlist.obj
         Release\read_binhmm.obj
         Release\read_binhmmlist.obj
         Release\write_binhmm.obj
         Release\write_binhmmlist.obj
         Release\rdwt.obj
         "Release\server-client.obj"
         Release\init_ngram.obj
         Release\ngram_access.obj
         Release\ngram_compact_context.obj
         Release\ngram_lookup.obj
         Release\ngram_malloc.obj
         Release\ngram_read_arpa.obj
         Release\ngram_read_bin.obj
         Release\ngram_util.obj
         Release\ngram_write_bin.obj
         Release\addlog.obj
         Release\calc_mix.obj
         Release\calc_tied_mix.obj
         Release\gms.obj
         Release\gms_gprune.obj
         Release\gprune_beam.obj
         Release\gprune_common.obj
         Release\gprune_heu.obj
         Release\gprune_none.obj
         Release\gprune_safe.obj
         Release\mkwhmm.obj
         Release\outprob.obj
         Release\outprob_init.obj
         Release\vsegment.obj
         Release\aptree.obj
         Release\confout.obj
         Release\endian.obj
         Release\gzfile.obj
         Release\jlog.obj
         Release\mybmalloc.obj
         Release\mymalloc.obj
         Release\mystrtok.obj
         Release\ptree.obj
         Release\qsort.obj
         Release\readfile.obj
         Release\strcasecmp.obj
         Release\init_voca.obj
         Release\voca_load_htkdict.obj
         Release\voca_load_wordlist.obj
         Release\voca_lookup.obj
         Release\voca_malloc.obj
         Release\voca_util.obj
         "Release\mfcc-core.obj"
         Release\para.obj
         Release\ss.obj
         "Release\wav2mfcc-buffer.obj"
         "Release\wav2mfcc-pipe.obj"
         Release\version.obj
         julius.vcxproj -> C:\Users\rti\Desktop\naichichi2\Release\julius.lib
       FinalizeBuildStatus:
         ファイル "Release\julius.unsuccessfulbuild" を削除しています。
         "Release\julius.lastbuildstate" のタッチ タスクを実行しています。
     1>プロジェクト "C:\Users\rti\Desktop\naichichi2\julius\julius.vcxproj" (rebuild ターゲット) のビルドが完了しました。

ビルドに成功しました。

経過時間 00:00:15.54
