C:\USERS\RTI\DESKTOP\DROPBOX\GIT\NAICHICHI2\JULIUS\RELEASE\ADDLOG.OBJ
C:\USERS\RTI\DESKTOP\DROPBOX\GIT\NAICHICHI2\JULIUS\RELEASE\ADIN_FILE.OBJ
C:\USERS\RTI\DESKTOP\DROPBOX\GIT\NAICHICHI2\JULIUS\RELEASE\ADIN_PORTAUDIO.OBJ
C:\USERS\RTI\DESKTOP\DROPBOX\GIT\NAICHICHI2\JULIUS\RELEASE\ADIN_TCPIP.OBJ
C:\USERS\RTI\DESKTOP\DROPBOX\GIT\NAICHICHI2\JULIUS\RELEASE\ADIN-CUT.OBJ
C:\USERS\RTI\DESKTOP\DROPBOX\GIT\NAICHICHI2\JULIUS\RELEASE\APTREE.OBJ
C:\USERS\RTI\DESKTOP\DROPBOX\GIT\NAICHICHI2\JULIUS\RELEASE\BACKTRELLIS.OBJ
C:\USERS\RTI\DESKTOP\DROPBOX\GIT\NAICHICHI2\JULIUS\RELEASE\BEAM.OBJ
C:\USERS\RTI\DESKTOP\DROPBOX\GIT\NAICHICHI2\JULIUS\RELEASE\CALC_MIX.OBJ
C:\USERS\RTI\DESKTOP\DROPBOX\GIT\NAICHICHI2\JULIUS\RELEASE\CALC_TIED_MIX.OBJ
C:\USERS\RTI\DESKTOP\DROPBOX\GIT\NAICHICHI2\JULIUS\RELEASE\CALLBACK.OBJ
C:\USERS\RTI\DESKTOP\DROPBOX\GIT\NAICHICHI2\JULIUS\RELEASE\CDHMM.OBJ
C:\USERS\RTI\DESKTOP\DROPBOX\GIT\NAICHICHI2\JULIUS\RELEASE\CDSET.OBJ
C:\USERS\RTI\DESKTOP\DROPBOX\GIT\NAICHICHI2\JULIUS\RELEASE\CHECK_HMM_RESTRICTION.OBJ
C:\USERS\RTI\DESKTOP\DROPBOX\GIT\NAICHICHI2\JULIUS\RELEASE\CHECK_HMMTYPE.OBJ
C:\USERS\RTI\DESKTOP\DROPBOX\GIT\NAICHICHI2\JULIUS\RELEASE\CHKHMMLIST.OBJ
C:\USERS\RTI\DESKTOP\DROPBOX\GIT\NAICHICHI2\JULIUS\RELEASE\CONFNET.OBJ
C:\USERS\RTI\DESKTOP\DROPBOX\GIT\NAICHICHI2\JULIUS\RELEASE\CONFOUT.OBJ
C:\USERS\RTI\DESKTOP\DROPBOX\GIT\NAICHICHI2\JULIUS\RELEASE\CPAIR.OBJ
C:\USERS\RTI\DESKTOP\DROPBOX\GIT\NAICHICHI2\JULIUS\RELEASE\DEFAULT.OBJ
C:\USERS\RTI\DESKTOP\DROPBOX\GIT\NAICHICHI2\JULIUS\RELEASE\DFA_DECODE.OBJ
C:\USERS\RTI\DESKTOP\DROPBOX\GIT\NAICHICHI2\JULIUS\RELEASE\DFA_LOOKUP.OBJ
C:\USERS\RTI\DESKTOP\DROPBOX\GIT\NAICHICHI2\JULIUS\RELEASE\DFA_MALLOC.OBJ
C:\USERS\RTI\DESKTOP\DROPBOX\GIT\NAICHICHI2\JULIUS\RELEASE\DFA_UTIL.OBJ
C:\USERS\RTI\DESKTOP\DROPBOX\GIT\NAICHICHI2\JULIUS\RELEASE\DS48TO16.OBJ
C:\USERS\RTI\DESKTOP\DROPBOX\GIT\NAICHICHI2\JULIUS\RELEASE\ENDIAN.OBJ
C:\USERS\RTI\DESKTOP\DROPBOX\GIT\NAICHICHI2\JULIUS\RELEASE\FACTORING_SUB.OBJ
C:\USERS\RTI\DESKTOP\DROPBOX\GIT\NAICHICHI2\JULIUS\RELEASE\GMM.OBJ
C:\USERS\RTI\DESKTOP\DROPBOX\GIT\NAICHICHI2\JULIUS\RELEASE\GMS.OBJ
C:\USERS\RTI\DESKTOP\DROPBOX\GIT\NAICHICHI2\JULIUS\RELEASE\GMS_GPRUNE.OBJ
C:\USERS\RTI\DESKTOP\DROPBOX\GIT\NAICHICHI2\JULIUS\RELEASE\GPRUNE_COMMON.OBJ
C:\USERS\RTI\DESKTOP\DROPBOX\GIT\NAICHICHI2\JULIUS\RELEASE\GPRUNE_HEU.OBJ
C:\USERS\RTI\DESKTOP\DROPBOX\GIT\NAICHICHI2\JULIUS\RELEASE\GPRUNE_NONE.OBJ
C:\USERS\RTI\DESKTOP\DROPBOX\GIT\NAICHICHI2\JULIUS\RELEASE\GPRUNE_SAFE.OBJ
C:\USERS\RTI\DESKTOP\DROPBOX\GIT\NAICHICHI2\JULIUS\RELEASE\GRAMLIST.OBJ
C:\USERS\RTI\DESKTOP\DROPBOX\GIT\NAICHICHI2\JULIUS\RELEASE\GRAPHOUT.OBJ
C:\USERS\RTI\DESKTOP\DROPBOX\GIT\NAICHICHI2\JULIUS\RELEASE\GUESS_CDHMM.OBJ
C:\USERS\RTI\DESKTOP\DROPBOX\GIT\NAICHICHI2\JULIUS\RELEASE\GZFILE.OBJ
C:\USERS\RTI\DESKTOP\DROPBOX\GIT\NAICHICHI2\JULIUS\RELEASE\HMM_CHECK.OBJ
C:\USERS\RTI\DESKTOP\DROPBOX\GIT\NAICHICHI2\JULIUS\RELEASE\HMM_LOOKUP.OBJ
C:\USERS\RTI\DESKTOP\DROPBOX\GIT\NAICHICHI2\JULIUS\RELEASE\INIT_DFA.OBJ
C:\USERS\RTI\DESKTOP\DROPBOX\GIT\NAICHICHI2\JULIUS\RELEASE\INIT_NGRAM.OBJ
C:\USERS\RTI\DESKTOP\DROPBOX\GIT\NAICHICHI2\JULIUS\RELEASE\INIT_PHMM.OBJ
C:\USERS\RTI\DESKTOP\DROPBOX\GIT\NAICHICHI2\JULIUS\RELEASE\INIT_VOCA.OBJ
C:\USERS\RTI\DESKTOP\DROPBOX\GIT\NAICHICHI2\JULIUS\RELEASE\INSTANCE.OBJ
C:\USERS\RTI\DESKTOP\DROPBOX\GIT\NAICHICHI2\JULIUS\RELEASE\JFUNC.OBJ
C:\USERS\RTI\DESKTOP\DROPBOX\GIT\NAICHICHI2\JULIUS\RELEASE\JLOG.OBJ
C:\USERS\RTI\DESKTOP\DROPBOX\GIT\NAICHICHI2\JULIUS\RELEASE\M_ADIN.OBJ
C:\USERS\RTI\DESKTOP\DROPBOX\GIT\NAICHICHI2\JULIUS\RELEASE\M_CHKPARAM.OBJ
C:\USERS\RTI\DESKTOP\DROPBOX\GIT\NAICHICHI2\JULIUS\RELEASE\M_FUSION.OBJ
C:\USERS\RTI\DESKTOP\DROPBOX\GIT\NAICHICHI2\JULIUS\RELEASE\M_INFO.OBJ
C:\USERS\RTI\DESKTOP\DROPBOX\GIT\NAICHICHI2\JULIUS\RELEASE\M_JCONF.OBJ
C:\USERS\RTI\DESKTOP\DROPBOX\GIT\NAICHICHI2\JULIUS\RELEASE\M_OPTIONS.OBJ
C:\USERS\RTI\DESKTOP\DROPBOX\GIT\NAICHICHI2\JULIUS\RELEASE\M_USAGE.OBJ
C:\USERS\RTI\DESKTOP\DROPBOX\GIT\NAICHICHI2\JULIUS\RELEASE\MFCC-CORE.OBJ
C:\USERS\RTI\DESKTOP\DROPBOX\GIT\NAICHICHI2\JULIUS\RELEASE\MKCPAIR.OBJ
C:\USERS\RTI\DESKTOP\DROPBOX\GIT\NAICHICHI2\JULIUS\RELEASE\MKTERMINFO.OBJ
C:\USERS\RTI\DESKTOP\DROPBOX\GIT\NAICHICHI2\JULIUS\RELEASE\MKWHMM.OBJ
C:\USERS\RTI\DESKTOP\DROPBOX\GIT\NAICHICHI2\JULIUS\RELEASE\MULTI-GRAM.OBJ
C:\USERS\RTI\DESKTOP\DROPBOX\GIT\NAICHICHI2\JULIUS\RELEASE\MYBMALLOC.OBJ
C:\USERS\RTI\DESKTOP\DROPBOX\GIT\NAICHICHI2\JULIUS\RELEASE\MYMALLOC.OBJ
C:\USERS\RTI\DESKTOP\DROPBOX\GIT\NAICHICHI2\JULIUS\RELEASE\MYSTRTOK.OBJ
C:\USERS\RTI\DESKTOP\DROPBOX\GIT\NAICHICHI2\JULIUS\RELEASE\NGRAM_ACCESS.OBJ
C:\USERS\RTI\DESKTOP\DROPBOX\GIT\NAICHICHI2\JULIUS\RELEASE\NGRAM_COMPACT_CONTEXT.OBJ
C:\USERS\RTI\DESKTOP\DROPBOX\GIT\NAICHICHI2\JULIUS\RELEASE\NGRAM_DECODE.OBJ
C:\USERS\RTI\DESKTOP\DROPBOX\GIT\NAICHICHI2\JULIUS\RELEASE\NGRAM_LOOKUP.OBJ
C:\USERS\RTI\DESKTOP\DROPBOX\GIT\NAICHICHI2\JULIUS\RELEASE\NGRAM_MALLOC.OBJ
C:\USERS\RTI\DESKTOP\DROPBOX\GIT\NAICHICHI2\JULIUS\RELEASE\NGRAM_READ_ARPA.OBJ
C:\USERS\RTI\DESKTOP\DROPBOX\GIT\NAICHICHI2\JULIUS\RELEASE\NGRAM_READ_BIN.OBJ
C:\USERS\RTI\DESKTOP\DROPBOX\GIT\NAICHICHI2\JULIUS\RELEASE\NGRAM_UTIL.OBJ
C:\USERS\RTI\DESKTOP\DROPBOX\GIT\NAICHICHI2\JULIUS\RELEASE\NGRAM_WRITE_BIN.OBJ
C:\USERS\RTI\DESKTOP\DROPBOX\GIT\NAICHICHI2\JULIUS\RELEASE\OUTPROB.OBJ
C:\USERS\RTI\DESKTOP\DROPBOX\GIT\NAICHICHI2\JULIUS\RELEASE\OUTPROB_INIT.OBJ
C:\USERS\RTI\DESKTOP\DROPBOX\GIT\NAICHICHI2\JULIUS\RELEASE\OUTPROB_STYLE.OBJ
C:\USERS\RTI\DESKTOP\DROPBOX\GIT\NAICHICHI2\JULIUS\RELEASE\PARA.OBJ
C:\USERS\RTI\DESKTOP\DROPBOX\GIT\NAICHICHI2\JULIUS\RELEASE\PARAM_MALLOC.OBJ
C:\USERS\RTI\DESKTOP\DROPBOX\GIT\NAICHICHI2\JULIUS\RELEASE\PARAMSELECT.OBJ
C:\USERS\RTI\DESKTOP\DROPBOX\GIT\NAICHICHI2\JULIUS\RELEASE\PARAMTYPES.OBJ
C:\USERS\RTI\DESKTOP\DROPBOX\GIT\NAICHICHI2\JULIUS\RELEASE\PASS1.OBJ
C:\USERS\RTI\DESKTOP\DROPBOX\GIT\NAICHICHI2\JULIUS\RELEASE\PLUGIN.OBJ
C:\USERS\RTI\DESKTOP\DROPBOX\GIT\NAICHICHI2\JULIUS\RELEASE\PTREE.OBJ
C:\USERS\RTI\DESKTOP\DROPBOX\GIT\NAICHICHI2\JULIUS\RELEASE\PUT_HTKDATA_INFO.OBJ
C:\USERS\RTI\DESKTOP\DROPBOX\GIT\NAICHICHI2\JULIUS\RELEASE\QSORT.OBJ
C:\USERS\RTI\DESKTOP\DROPBOX\GIT\NAICHICHI2\JULIUS\RELEASE\RDDFA.OBJ
C:\USERS\RTI\DESKTOP\DROPBOX\GIT\NAICHICHI2\JULIUS\RELEASE\RDHMMDEF.OBJ
C:\USERS\RTI\DESKTOP\DROPBOX\GIT\NAICHICHI2\JULIUS\RELEASE\RDHMMDEF_DATA.OBJ
C:\USERS\RTI\DESKTOP\DROPBOX\GIT\NAICHICHI2\JULIUS\RELEASE\RDHMMDEF_DENS.OBJ
C:\USERS\RTI\DESKTOP\DROPBOX\GIT\NAICHICHI2\JULIUS\RELEASE\RDHMMDEF_MPDF.OBJ
C:\USERS\RTI\DESKTOP\DROPBOX\GIT\NAICHICHI2\JULIUS\RELEASE\RDHMMDEF_OPTIONS.OBJ
C:\USERS\RTI\DESKTOP\DROPBOX\GIT\NAICHICHI2\JULIUS\RELEASE\RDHMMDEF_REGTREE.OBJ
C:\USERS\RTI\DESKTOP\DROPBOX\GIT\NAICHICHI2\JULIUS\RELEASE\RDHMMDEF_STATE.OBJ
C:\USERS\RTI\DESKTOP\DROPBOX\GIT\NAICHICHI2\JULIUS\RELEASE\RDHMMDEF_STREAMWEIGHT.OBJ
C:\USERS\RTI\DESKTOP\DROPBOX\GIT\NAICHICHI2\JULIUS\RELEASE\RDHMMDEF_TIEDMIX.OBJ
C:\USERS\RTI\DESKTOP\DROPBOX\GIT\NAICHICHI2\JULIUS\RELEASE\RDHMMDEF_TRANS.OBJ
C:\USERS\RTI\DESKTOP\DROPBOX\GIT\NAICHICHI2\JULIUS\RELEASE\RDHMMDEF_VAR.OBJ
C:\USERS\RTI\DESKTOP\DROPBOX\GIT\NAICHICHI2\JULIUS\RELEASE\RDHMMLIST.OBJ
C:\USERS\RTI\DESKTOP\DROPBOX\GIT\NAICHICHI2\JULIUS\RELEASE\RDPARAM.OBJ
C:\USERS\RTI\DESKTOP\DROPBOX\GIT\NAICHICHI2\JULIUS\RELEASE\RDWT.OBJ
C:\USERS\RTI\DESKTOP\DROPBOX\GIT\NAICHICHI2\JULIUS\RELEASE\READ_BINHMM.OBJ
C:\USERS\RTI\DESKTOP\DROPBOX\GIT\NAICHICHI2\JULIUS\RELEASE\READ_BINHMMLIST.OBJ
C:\USERS\RTI\DESKTOP\DROPBOX\GIT\NAICHICHI2\JULIUS\RELEASE\READFILE.OBJ
C:\USERS\RTI\DESKTOP\DROPBOX\GIT\NAICHICHI2\JULIUS\RELEASE\REALTIME-1STPASS.OBJ
C:\USERS\RTI\DESKTOP\DROPBOX\GIT\NAICHICHI2\JULIUS\RELEASE\RECOGMAIN.OBJ
C:\USERS\RTI\DESKTOP\DROPBOX\GIT\NAICHICHI2\JULIUS\RELEASE\SEARCH_BESTFIRST_MAIN.OBJ
C:\USERS\RTI\DESKTOP\DROPBOX\GIT\NAICHICHI2\JULIUS\RELEASE\SEARCH_BESTFIRST_V1.OBJ
C:\USERS\RTI\DESKTOP\DROPBOX\GIT\NAICHICHI2\JULIUS\RELEASE\SEARCH_BESTFIRST_V2.OBJ
C:\USERS\RTI\DESKTOP\DROPBOX\GIT\NAICHICHI2\JULIUS\RELEASE\SERVER-CLIENT.OBJ
C:\USERS\RTI\DESKTOP\DROPBOX\GIT\NAICHICHI2\JULIUS\RELEASE\SPSEGMENT.OBJ
C:\USERS\RTI\DESKTOP\DROPBOX\GIT\NAICHICHI2\JULIUS\RELEASE\SS.OBJ
C:\USERS\RTI\DESKTOP\DROPBOX\GIT\NAICHICHI2\JULIUS\RELEASE\STRCASECMP.OBJ
C:\USERS\RTI\DESKTOP\DROPBOX\GIT\NAICHICHI2\JULIUS\RELEASE\STRIP.OBJ
C:\USERS\RTI\DESKTOP\DROPBOX\GIT\NAICHICHI2\JULIUS\RELEASE\STRIP_MFCC.OBJ
C:\USERS\RTI\DESKTOP\DROPBOX\GIT\NAICHICHI2\JULIUS\RELEASE\USEROPT.OBJ
C:\USERS\RTI\DESKTOP\DROPBOX\GIT\NAICHICHI2\JULIUS\RELEASE\VC100.PDB
C:\USERS\RTI\DESKTOP\DROPBOX\GIT\NAICHICHI2\JULIUS\RELEASE\VERSION.OBJ
C:\USERS\RTI\DESKTOP\DROPBOX\GIT\NAICHICHI2\JULIUS\RELEASE\VOCA_LOAD_HTKDICT.OBJ
C:\USERS\RTI\DESKTOP\DROPBOX\GIT\NAICHICHI2\JULIUS\RELEASE\VOCA_LOAD_WORDLIST.OBJ
C:\USERS\RTI\DESKTOP\DROPBOX\GIT\NAICHICHI2\JULIUS\RELEASE\VOCA_LOOKUP.OBJ
C:\USERS\RTI\DESKTOP\DROPBOX\GIT\NAICHICHI2\JULIUS\RELEASE\VOCA_MALLOC.OBJ
C:\USERS\RTI\DESKTOP\DROPBOX\GIT\NAICHICHI2\JULIUS\RELEASE\VOCA_UTIL.OBJ
C:\USERS\RTI\DESKTOP\DROPBOX\GIT\NAICHICHI2\JULIUS\RELEASE\VSEGMENT.OBJ
C:\USERS\RTI\DESKTOP\DROPBOX\GIT\NAICHICHI2\JULIUS\RELEASE\WAV2MFCC.OBJ
C:\USERS\RTI\DESKTOP\DROPBOX\GIT\NAICHICHI2\JULIUS\RELEASE\WAV2MFCC-BUFFER.OBJ
C:\USERS\RTI\DESKTOP\DROPBOX\GIT\NAICHICHI2\JULIUS\RELEASE\WAV2MFCC-PIPE.OBJ
C:\USERS\RTI\DESKTOP\DROPBOX\GIT\NAICHICHI2\JULIUS\RELEASE\WCHMM.OBJ
C:\USERS\RTI\DESKTOP\DROPBOX\GIT\NAICHICHI2\JULIUS\RELEASE\WCHMM_CHECK.OBJ
C:\USERS\RTI\DESKTOP\DROPBOX\GIT\NAICHICHI2\JULIUS\RELEASE\WORD_ALIGN.OBJ
C:\USERS\RTI\DESKTOP\DROPBOX\GIT\NAICHICHI2\JULIUS\RELEASE\WRITE_BINHMM.OBJ
C:\USERS\RTI\DESKTOP\DROPBOX\GIT\NAICHICHI2\JULIUS\RELEASE\WRITE_BINHMMLIST.OBJ
C:\USERS\RTI\DESKTOP\DROPBOX\GIT\NAICHICHI2\JULIUS\RELEASE\WRSAMP.OBJ
C:\USERS\RTI\DESKTOP\DROPBOX\GIT\NAICHICHI2\JULIUS\RELEASE\WRWAV.OBJ
C:\USERS\RTI\DESKTOP\DROPBOX\GIT\NAICHICHI2\JULIUS\RELEASE\ZC-E.OBJ
C:\USERS\RTI\DESKTOP\DROPBOX\GIT\NAICHICHI2\JULIUS\RELEASE\ZMEAN.OBJ
C:\Users\rti\Desktop\naichichi2\julius\Release\addlog.obj
C:\Users\rti\Desktop\naichichi2\julius\Release\adin_file.obj
C:\Users\rti\Desktop\naichichi2\julius\Release\adin_portaudio.obj
C:\Users\rti\Desktop\naichichi2\julius\Release\adin_tcpip.obj
C:\Users\rti\Desktop\naichichi2\julius\Release\adin-cut.obj
C:\Users\rti\Desktop\naichichi2\julius\Release\aptree.obj
C:\Users\rti\Desktop\naichichi2\julius\Release\backtrellis.obj
C:\Users\rti\Desktop\naichichi2\julius\Release\beam.obj
C:\Users\rti\Desktop\naichichi2\julius\Release\calc_mix.obj
C:\Users\rti\Desktop\naichichi2\julius\Release\calc_tied_mix.obj
C:\Users\rti\Desktop\naichichi2\julius\Release\callback.obj
C:\Users\rti\Desktop\naichichi2\julius\Release\cdhmm.obj
C:\Users\rti\Desktop\naichichi2\julius\Release\cdset.obj
C:\Users\rti\Desktop\naichichi2\julius\Release\check_hmm_restriction.obj
C:\Users\rti\Desktop\naichichi2\julius\Release\check_hmmtype.obj
C:\Users\rti\Desktop\naichichi2\julius\Release\chkhmmlist.obj
C:\Users\rti\Desktop\naichichi2\julius\Release\cl.command.1.tlog
C:\Users\rti\Desktop\naichichi2\julius\Release\CL.read.1.tlog
C:\Users\rti\Desktop\naichichi2\julius\Release\CL.write.1.tlog
C:\Users\rti\Desktop\naichichi2\julius\Release\confnet.obj
C:\Users\rti\Desktop\naichichi2\julius\Release\confout.obj
C:\Users\rti\Desktop\naichichi2\julius\Release\cpair.obj
C:\Users\rti\Desktop\naichichi2\julius\Release\default.obj
C:\Users\rti\Desktop\naichichi2\julius\Release\dfa_decode.obj
C:\Users\rti\Desktop\naichichi2\julius\Release\dfa_lookup.obj
C:\Users\rti\Desktop\naichichi2\julius\Release\dfa_malloc.obj
C:\Users\rti\Desktop\naichichi2\julius\Release\dfa_util.obj
C:\Users\rti\Desktop\naichichi2\julius\Release\ds48to16.obj
C:\Users\rti\Desktop\naichichi2\julius\Release\endian.obj
C:\Users\rti\Desktop\naichichi2\julius\Release\factoring_sub.obj
C:\Users\rti\Desktop\naichichi2\julius\Release\gmm.obj
C:\Users\rti\Desktop\naichichi2\julius\Release\gms.obj
C:\Users\rti\Desktop\naichichi2\julius\Release\gms_gprune.obj
C:\Users\rti\Desktop\naichichi2\julius\Release\gprune_common.obj
C:\Users\rti\Desktop\naichichi2\julius\Release\gprune_heu.obj
C:\Users\rti\Desktop\naichichi2\julius\Release\gprune_none.obj
C:\Users\rti\Desktop\naichichi2\julius\Release\gprune_safe.obj
C:\Users\rti\Desktop\naichichi2\julius\Release\gramlist.obj
C:\Users\rti\Desktop\naichichi2\julius\Release\graphout.obj
C:\Users\rti\Desktop\naichichi2\julius\Release\guess_cdHMM.obj
C:\Users\rti\Desktop\naichichi2\julius\Release\gzfile.obj
C:\Users\rti\Desktop\naichichi2\julius\Release\hmm_check.obj
C:\Users\rti\Desktop\naichichi2\julius\Release\hmm_lookup.obj
C:\Users\rti\Desktop\naichichi2\julius\Release\init_dfa.obj
C:\Users\rti\Desktop\naichichi2\julius\Release\init_ngram.obj
C:\Users\rti\Desktop\naichichi2\julius\Release\init_phmm.obj
C:\Users\rti\Desktop\naichichi2\julius\Release\init_voca.obj
C:\Users\rti\Desktop\naichichi2\julius\Release\instance.obj
C:\Users\rti\Desktop\naichichi2\julius\Release\jfunc.obj
C:\Users\rti\Desktop\naichichi2\julius\Release\jlog.obj
C:\Users\rti\Desktop\naichichi2\julius\Release\julius.vcxprojResolveAssemblyReference.cache
C:\Users\rti\Desktop\naichichi2\julius\Release\julius.write.1.tlog
C:\Users\rti\Desktop\naichichi2\julius\Release\m_adin.obj
C:\Users\rti\Desktop\naichichi2\julius\Release\m_chkparam.obj
C:\Users\rti\Desktop\naichichi2\julius\Release\m_fusion.obj
C:\Users\rti\Desktop\naichichi2\julius\Release\m_info.obj
C:\Users\rti\Desktop\naichichi2\julius\Release\m_jconf.obj
C:\Users\rti\Desktop\naichichi2\julius\Release\m_options.obj
C:\Users\rti\Desktop\naichichi2\julius\Release\m_usage.obj
C:\Users\rti\Desktop\naichichi2\julius\Release\mfcc-core.obj
C:\Users\rti\Desktop\naichichi2\julius\Release\mkcpair.obj
C:\Users\rti\Desktop\naichichi2\julius\Release\mkterminfo.obj
C:\Users\rti\Desktop\naichichi2\julius\Release\mkwhmm.obj
C:\Users\rti\Desktop\naichichi2\julius\Release\multi-gram.obj
C:\Users\rti\Desktop\naichichi2\julius\Release\mybmalloc.obj
C:\Users\rti\Desktop\naichichi2\julius\Release\mymalloc.obj
C:\Users\rti\Desktop\naichichi2\julius\Release\mystrtok.obj
C:\Users\rti\Desktop\naichichi2\julius\Release\ngram_access.obj
C:\Users\rti\Desktop\naichichi2\julius\Release\ngram_compact_context.obj
C:\Users\rti\Desktop\naichichi2\julius\Release\ngram_decode.obj
C:\Users\rti\Desktop\naichichi2\julius\Release\ngram_lookup.obj
C:\Users\rti\Desktop\naichichi2\julius\Release\ngram_malloc.obj
C:\Users\rti\Desktop\naichichi2\julius\Release\ngram_read_arpa.obj
C:\Users\rti\Desktop\naichichi2\julius\Release\ngram_read_bin.obj
C:\Users\rti\Desktop\naichichi2\julius\Release\ngram_util.obj
C:\Users\rti\Desktop\naichichi2\julius\Release\ngram_write_bin.obj
C:\Users\rti\Desktop\naichichi2\julius\Release\outprob.obj
C:\Users\rti\Desktop\naichichi2\julius\Release\outprob_init.obj
C:\Users\rti\Desktop\naichichi2\julius\Release\outprob_style.obj
C:\Users\rti\Desktop\naichichi2\julius\Release\para.obj
C:\Users\rti\Desktop\naichichi2\julius\Release\param_malloc.obj
C:\Users\rti\Desktop\naichichi2\julius\Release\paramselect.obj
C:\Users\rti\Desktop\naichichi2\julius\Release\paramtypes.obj
C:\Users\rti\Desktop\naichichi2\julius\Release\pass1.obj
C:\Users\rti\Desktop\naichichi2\julius\Release\plugin.obj
C:\Users\rti\Desktop\naichichi2\julius\Release\ptree.obj
C:\Users\rti\Desktop\naichichi2\julius\Release\put_htkdata_info.obj
C:\Users\rti\Desktop\naichichi2\julius\Release\qsort.obj
C:\Users\rti\Desktop\naichichi2\julius\Release\rddfa.obj
C:\Users\rti\Desktop\naichichi2\julius\Release\rdhmmdef.obj
C:\Users\rti\Desktop\naichichi2\julius\Release\rdhmmdef_data.obj
C:\Users\rti\Desktop\naichichi2\julius\Release\rdhmmdef_dens.obj
C:\Users\rti\Desktop\naichichi2\julius\Release\rdhmmdef_mpdf.obj
C:\Users\rti\Desktop\naichichi2\julius\Release\rdhmmdef_options.obj
C:\Users\rti\Desktop\naichichi2\julius\Release\rdhmmdef_regtree.obj
C:\Users\rti\Desktop\naichichi2\julius\Release\rdhmmdef_state.obj
C:\Users\rti\Desktop\naichichi2\julius\Release\rdhmmdef_streamweight.obj
C:\Users\rti\Desktop\naichichi2\julius\Release\rdhmmdef_tiedmix.obj
C:\Users\rti\Desktop\naichichi2\julius\Release\rdhmmdef_trans.obj
C:\Users\rti\Desktop\naichichi2\julius\Release\rdhmmdef_var.obj
C:\Users\rti\Desktop\naichichi2\julius\Release\rdhmmlist.obj
C:\Users\rti\Desktop\naichichi2\julius\Release\rdparam.obj
C:\Users\rti\Desktop\naichichi2\julius\Release\rdwt.obj
C:\Users\rti\Desktop\naichichi2\julius\Release\read_binhmm.obj
C:\Users\rti\Desktop\naichichi2\julius\Release\read_binhmmlist.obj
C:\Users\rti\Desktop\naichichi2\julius\Release\readfile.obj
C:\Users\rti\Desktop\naichichi2\julius\Release\realtime-1stpass.obj
C:\Users\rti\Desktop\naichichi2\julius\Release\recogmain.obj
C:\Users\rti\Desktop\naichichi2\julius\Release\search_bestfirst_main.obj
C:\Users\rti\Desktop\naichichi2\julius\Release\search_bestfirst_v1.obj
C:\Users\rti\Desktop\naichichi2\julius\Release\search_bestfirst_v2.obj
C:\Users\rti\Desktop\naichichi2\julius\Release\server-client.obj
C:\Users\rti\Desktop\naichichi2\julius\Release\spsegment.obj
C:\Users\rti\Desktop\naichichi2\julius\Release\ss.obj
C:\Users\rti\Desktop\naichichi2\julius\Release\strcasecmp.obj
C:\Users\rti\Desktop\naichichi2\julius\Release\strip.obj
C:\Users\rti\Desktop\naichichi2\julius\Release\strip_mfcc.obj
C:\Users\rti\Desktop\naichichi2\julius\Release\useropt.obj
C:\Users\rti\Desktop\naichichi2\julius\Release\vc100.pdb
C:\Users\rti\Desktop\naichichi2\julius\Release\version.obj
C:\Users\rti\Desktop\naichichi2\julius\Release\voca_load_htkdict.obj
C:\Users\rti\Desktop\naichichi2\julius\Release\voca_load_wordlist.obj
C:\Users\rti\Desktop\naichichi2\julius\Release\voca_lookup.obj
C:\Users\rti\Desktop\naichichi2\julius\Release\voca_malloc.obj
C:\Users\rti\Desktop\naichichi2\julius\Release\voca_util.obj
C:\Users\rti\Desktop\naichichi2\julius\Release\vsegment.obj
C:\Users\rti\Desktop\naichichi2\julius\Release\wav2mfcc.obj
C:\Users\rti\Desktop\naichichi2\julius\Release\wav2mfcc-buffer.obj
C:\Users\rti\Desktop\naichichi2\julius\Release\wav2mfcc-pipe.obj
C:\Users\rti\Desktop\naichichi2\julius\Release\wchmm.obj
C:\Users\rti\Desktop\naichichi2\julius\Release\wchmm_check.obj
C:\Users\rti\Desktop\naichichi2\julius\Release\word_align.obj
C:\Users\rti\Desktop\naichichi2\julius\Release\write_binhmm.obj
C:\Users\rti\Desktop\naichichi2\julius\Release\write_binhmmlist.obj
C:\Users\rti\Desktop\naichichi2\julius\Release\wrsamp.obj
C:\Users\rti\Desktop\naichichi2\julius\Release\wrwav.obj
C:\Users\rti\Desktop\naichichi2\julius\Release\zc-e.obj
C:\Users\rti\Desktop\naichichi2\julius\Release\zmean.obj
