C:\Users\rti\Desktop\Dropbox\git\naichichi2\Debug\lua.lib
C:\Users\rti\Desktop\Dropbox\git\naichichi2\lua\Debug\cl.command.1.tlog
C:\Users\rti\Desktop\Dropbox\git\naichichi2\lua\Debug\CL.read.1.tlog
C:\Users\rti\Desktop\Dropbox\git\naichichi2\lua\Debug\CL.write.1.tlog
C:\Users\rti\Desktop\Dropbox\git\naichichi2\lua\Debug\lapi.obj
C:\Users\rti\Desktop\Dropbox\git\naichichi2\lua\Debug\lauxlib.obj
C:\Users\rti\Desktop\Dropbox\git\naichichi2\lua\Debug\lbaselib.obj
C:\Users\rti\Desktop\Dropbox\git\naichichi2\lua\Debug\lbitlib.obj
C:\Users\rti\Desktop\Dropbox\git\naichichi2\lua\Debug\lcode.obj
C:\Users\rti\Desktop\Dropbox\git\naichichi2\lua\Debug\lcorolib.obj
C:\Users\rti\Desktop\Dropbox\git\naichichi2\lua\Debug\lctype.obj
C:\Users\rti\Desktop\Dropbox\git\naichichi2\lua\Debug\ldblib.obj
C:\Users\rti\Desktop\Dropbox\git\naichichi2\lua\Debug\ldebug.obj
C:\Users\rti\Desktop\Dropbox\git\naichichi2\lua\Debug\ldo.obj
C:\Users\rti\Desktop\Dropbox\git\naichichi2\lua\Debug\ldump.obj
C:\Users\rti\Desktop\Dropbox\git\naichichi2\lua\Debug\lfunc.obj
C:\Users\rti\Desktop\Dropbox\git\naichichi2\lua\Debug\lgc.obj
C:\Users\rti\Desktop\Dropbox\git\naichichi2\lua\Debug\lib.command.1.tlog
C:\Users\rti\Desktop\Dropbox\git\naichichi2\lua\Debug\Lib-link.read.1.tlog
C:\Users\rti\Desktop\Dropbox\git\naichichi2\lua\Debug\Lib-link.write.1.tlog
C:\Users\rti\Desktop\Dropbox\git\naichichi2\lua\Debug\linit.obj
C:\Users\rti\Desktop\Dropbox\git\naichichi2\lua\Debug\liolib.obj
C:\Users\rti\Desktop\Dropbox\git\naichichi2\lua\Debug\llex.obj
C:\Users\rti\Desktop\Dropbox\git\naichichi2\lua\Debug\lmathlib.obj
C:\Users\rti\Desktop\Dropbox\git\naichichi2\lua\Debug\lmem.obj
C:\Users\rti\Desktop\Dropbox\git\naichichi2\lua\Debug\loadlib.obj
C:\Users\rti\Desktop\Dropbox\git\naichichi2\lua\Debug\lobject.obj
C:\Users\rti\Desktop\Dropbox\git\naichichi2\lua\Debug\lopcodes.obj
C:\Users\rti\Desktop\Dropbox\git\naichichi2\lua\Debug\loslib.obj
C:\Users\rti\Desktop\Dropbox\git\naichichi2\lua\Debug\lparser.obj
C:\Users\rti\Desktop\Dropbox\git\naichichi2\lua\Debug\lstate.obj
C:\Users\rti\Desktop\Dropbox\git\naichichi2\lua\Debug\lstring.obj
C:\Users\rti\Desktop\Dropbox\git\naichichi2\lua\Debug\lstrlib.obj
C:\Users\rti\Desktop\Dropbox\git\naichichi2\lua\Debug\ltable.obj
C:\Users\rti\Desktop\Dropbox\git\naichichi2\lua\Debug\ltablib.obj
C:\Users\rti\Desktop\Dropbox\git\naichichi2\lua\Debug\ltm.obj
C:\Users\rti\Desktop\Dropbox\git\naichichi2\lua\Debug\lua.obj
C:\Users\rti\Desktop\Dropbox\git\naichichi2\lua\Debug\lua.vcxprojResolveAssemblyReference.cache
C:\Users\rti\Desktop\Dropbox\git\naichichi2\lua\Debug\lua.write.1.tlog
C:\Users\rti\Desktop\Dropbox\git\naichichi2\lua\Debug\lundump.obj
C:\Users\rti\Desktop\Dropbox\git\naichichi2\lua\Debug\lvm.obj
C:\Users\rti\Desktop\Dropbox\git\naichichi2\lua\Debug\lzio.obj
C:\Users\rti\Desktop\Dropbox\git\naichichi2\lua\Debug\vc100.idb
C:\Users\rti\Desktop\Dropbox\git\naichichi2\lua\Debug\vc100.pdb
C:\USERS\RTI\DESKTOP\DROPBOX\NAICHICHI2\DEBUG\LUA.LIB
C:\USERS\RTI\DESKTOP\DROPBOX\NAICHICHI2\LUA\DEBUG\LAPI.OBJ
C:\USERS\RTI\DESKTOP\DROPBOX\NAICHICHI2\LUA\DEBUG\LAUXLIB.OBJ
C:\USERS\RTI\DESKTOP\DROPBOX\NAICHICHI2\LUA\DEBUG\LBASELIB.OBJ
C:\USERS\RTI\DESKTOP\DROPBOX\NAICHICHI2\LUA\DEBUG\LBITLIB.OBJ
C:\USERS\RTI\DESKTOP\DROPBOX\NAICHICHI2\LUA\DEBUG\LCODE.OBJ
C:\USERS\RTI\DESKTOP\DROPBOX\NAICHICHI2\LUA\DEBUG\LCOROLIB.OBJ
C:\USERS\RTI\DESKTOP\DROPBOX\NAICHICHI2\LUA\DEBUG\LCTYPE.OBJ
C:\USERS\RTI\DESKTOP\DROPBOX\NAICHICHI2\LUA\DEBUG\LDBLIB.OBJ
C:\USERS\RTI\DESKTOP\DROPBOX\NAICHICHI2\LUA\DEBUG\LDEBUG.OBJ
C:\USERS\RTI\DESKTOP\DROPBOX\NAICHICHI2\LUA\DEBUG\LDO.OBJ
C:\USERS\RTI\DESKTOP\DROPBOX\NAICHICHI2\LUA\DEBUG\LDUMP.OBJ
C:\USERS\RTI\DESKTOP\DROPBOX\NAICHICHI2\LUA\DEBUG\LFUNC.OBJ
C:\USERS\RTI\DESKTOP\DROPBOX\NAICHICHI2\LUA\DEBUG\LGC.OBJ
C:\USERS\RTI\DESKTOP\DROPBOX\NAICHICHI2\LUA\DEBUG\LINIT.OBJ
C:\USERS\RTI\DESKTOP\DROPBOX\NAICHICHI2\LUA\DEBUG\LIOLIB.OBJ
C:\USERS\RTI\DESKTOP\DROPBOX\NAICHICHI2\LUA\DEBUG\LLEX.OBJ
C:\USERS\RTI\DESKTOP\DROPBOX\NAICHICHI2\LUA\DEBUG\LMATHLIB.OBJ
C:\USERS\RTI\DESKTOP\DROPBOX\NAICHICHI2\LUA\DEBUG\LMEM.OBJ
C:\USERS\RTI\DESKTOP\DROPBOX\NAICHICHI2\LUA\DEBUG\LOADLIB.OBJ
C:\USERS\RTI\DESKTOP\DROPBOX\NAICHICHI2\LUA\DEBUG\LOBJECT.OBJ
C:\USERS\RTI\DESKTOP\DROPBOX\NAICHICHI2\LUA\DEBUG\LOPCODES.OBJ
C:\USERS\RTI\DESKTOP\DROPBOX\NAICHICHI2\LUA\DEBUG\LOSLIB.OBJ
C:\USERS\RTI\DESKTOP\DROPBOX\NAICHICHI2\LUA\DEBUG\LPARSER.OBJ
C:\USERS\RTI\DESKTOP\DROPBOX\NAICHICHI2\LUA\DEBUG\LSTATE.OBJ
C:\USERS\RTI\DESKTOP\DROPBOX\NAICHICHI2\LUA\DEBUG\LSTRING.OBJ
C:\USERS\RTI\DESKTOP\DROPBOX\NAICHICHI2\LUA\DEBUG\LSTRLIB.OBJ
C:\USERS\RTI\DESKTOP\DROPBOX\NAICHICHI2\LUA\DEBUG\LTABLE.OBJ
C:\USERS\RTI\DESKTOP\DROPBOX\NAICHICHI2\LUA\DEBUG\LTABLIB.OBJ
C:\USERS\RTI\DESKTOP\DROPBOX\NAICHICHI2\LUA\DEBUG\LTM.OBJ
C:\USERS\RTI\DESKTOP\DROPBOX\NAICHICHI2\LUA\DEBUG\LUA.OBJ
C:\USERS\RTI\DESKTOP\DROPBOX\NAICHICHI2\LUA\DEBUG\LUNDUMP.OBJ
C:\USERS\RTI\DESKTOP\DROPBOX\NAICHICHI2\LUA\DEBUG\LVM.OBJ
C:\USERS\RTI\DESKTOP\DROPBOX\NAICHICHI2\LUA\DEBUG\LZIO.OBJ
C:\USERS\RTI\DESKTOP\DROPBOX\NAICHICHI2\LUA\DEBUG\VC100.PDB
