C:\Users\rti\Desktop\Dropbox\git\naichichi2\Debug\liblinear.lib
C:\Users\rti\Desktop\Dropbox\git\naichichi2\liblinear\Debug\cl.command.1.tlog
C:\Users\rti\Desktop\Dropbox\git\naichichi2\liblinear\Debug\CL.read.1.tlog
C:\Users\rti\Desktop\Dropbox\git\naichichi2\liblinear\Debug\CL.write.1.tlog
C:\Users\rti\Desktop\Dropbox\git\naichichi2\liblinear\Debug\daxpy.obj
C:\Users\rti\Desktop\Dropbox\git\naichichi2\liblinear\Debug\ddot.obj
C:\Users\rti\Desktop\Dropbox\git\naichichi2\liblinear\Debug\dnrm2.obj
C:\Users\rti\Desktop\Dropbox\git\naichichi2\liblinear\Debug\dscal.obj
C:\Users\rti\Desktop\Dropbox\git\naichichi2\liblinear\Debug\lib.command.1.tlog
C:\Users\rti\Desktop\Dropbox\git\naichichi2\liblinear\Debug\liblinear.vcxprojResolveAssemblyReference.cache
C:\Users\rti\Desktop\Dropbox\git\naichichi2\liblinear\Debug\liblinear.write.1.tlog
C:\Users\rti\Desktop\Dropbox\git\naichichi2\liblinear\Debug\Lib-link.read.1.tlog
C:\Users\rti\Desktop\Dropbox\git\naichichi2\liblinear\Debug\Lib-link.write.1.tlog
C:\Users\rti\Desktop\Dropbox\git\naichichi2\liblinear\Debug\linear.obj
C:\Users\rti\Desktop\Dropbox\git\naichichi2\liblinear\Debug\tron.obj
C:\Users\rti\Desktop\Dropbox\git\naichichi2\liblinear\Debug\vc100.idb
C:\Users\rti\Desktop\Dropbox\git\naichichi2\liblinear\Debug\vc100.pdb
C:\USERS\RTI\DESKTOP\DROPBOX\NAICHICHI2\DEBUG\LIBLINEAR.LIB
C:\USERS\RTI\DESKTOP\DROPBOX\NAICHICHI2\LIBLINEAR\DEBUG\DAXPY.OBJ
C:\USERS\RTI\DESKTOP\DROPBOX\NAICHICHI2\LIBLINEAR\DEBUG\DDOT.OBJ
C:\USERS\RTI\DESKTOP\DROPBOX\NAICHICHI2\LIBLINEAR\DEBUG\DNRM2.OBJ
C:\USERS\RTI\DESKTOP\DROPBOX\NAICHICHI2\LIBLINEAR\DEBUG\DSCAL.OBJ
C:\USERS\RTI\DESKTOP\DROPBOX\NAICHICHI2\LIBLINEAR\DEBUG\LINEAR.OBJ
C:\USERS\RTI\DESKTOP\DROPBOX\NAICHICHI2\LIBLINEAR\DEBUG\TRON.OBJ
C:\USERS\RTI\DESKTOP\DROPBOX\NAICHICHI2\LIBLINEAR\DEBUG\VC100.PDB
