C:\USERS\RTI\DESKTOP\DROPBOX\GIT\NAICHICHI2\PORTAUDIO\RELEASE\PA_ALLOCATION.OBJ
C:\USERS\RTI\DESKTOP\DROPBOX\GIT\NAICHICHI2\PORTAUDIO\RELEASE\PA_CONVERTERS.OBJ
C:\USERS\RTI\DESKTOP\DROPBOX\GIT\NAICHICHI2\PORTAUDIO\RELEASE\PA_CPULOAD.OBJ
C:\USERS\RTI\DESKTOP\DROPBOX\GIT\NAICHICHI2\PORTAUDIO\RELEASE\PA_DEBUGPRINT.OBJ
C:\USERS\RTI\DESKTOP\DROPBOX\GIT\NAICHICHI2\PORTAUDIO\RELEASE\PA_DITHER.OBJ
C:\USERS\RTI\DESKTOP\DROPBOX\GIT\NAICHICHI2\PORTAUDIO\RELEASE\PA_FRONT.OBJ
C:\USERS\RTI\DESKTOP\DROPBOX\GIT\NAICHICHI2\PORTAUDIO\RELEASE\PA_PROCESS.OBJ
C:\USERS\RTI\DESKTOP\DROPBOX\GIT\NAICHICHI2\PORTAUDIO\RELEASE\PA_RINGBUFFER.OBJ
C:\USERS\RTI\DESKTOP\DROPBOX\GIT\NAICHICHI2\PORTAUDIO\RELEASE\PA_SKELETON.OBJ
C:\USERS\RTI\DESKTOP\DROPBOX\GIT\NAICHICHI2\PORTAUDIO\RELEASE\PA_STREAM.OBJ
C:\USERS\RTI\DESKTOP\DROPBOX\GIT\NAICHICHI2\PORTAUDIO\RELEASE\PA_TRACE.OBJ
C:\USERS\RTI\DESKTOP\DROPBOX\GIT\NAICHICHI2\PORTAUDIO\RELEASE\PA_WIN_DS.OBJ
C:\USERS\RTI\DESKTOP\DROPBOX\GIT\NAICHICHI2\PORTAUDIO\RELEASE\PA_WIN_DS_DYNLINK.OBJ
C:\USERS\RTI\DESKTOP\DROPBOX\GIT\NAICHICHI2\PORTAUDIO\RELEASE\PA_WIN_HOSTAPIS.OBJ
C:\USERS\RTI\DESKTOP\DROPBOX\GIT\NAICHICHI2\PORTAUDIO\RELEASE\PA_WIN_UTIL.OBJ
C:\USERS\RTI\DESKTOP\DROPBOX\GIT\NAICHICHI2\PORTAUDIO\RELEASE\PA_WIN_WAVEFORMAT.OBJ
C:\USERS\RTI\DESKTOP\DROPBOX\GIT\NAICHICHI2\PORTAUDIO\RELEASE\PA_WIN_WDMKS_UTILS.OBJ
C:\USERS\RTI\DESKTOP\DROPBOX\GIT\NAICHICHI2\PORTAUDIO\RELEASE\PA_X86_PLAIN_CONVERTERS.OBJ
C:\USERS\RTI\DESKTOP\DROPBOX\GIT\NAICHICHI2\PORTAUDIO\RELEASE\VC100.PDB
C:\USERS\RTI\DESKTOP\DROPBOX\GIT\NAICHICHI2\RELEASE\PORTAUDIO.LIB
C:\Users\rti\Desktop\naichichi2\portaudio\Release\cl.command.1.tlog
C:\Users\rti\Desktop\naichichi2\portaudio\Release\CL.read.1.tlog
C:\Users\rti\Desktop\naichichi2\portaudio\Release\CL.write.1.tlog
C:\Users\rti\Desktop\naichichi2\portaudio\Release\lib.command.1.tlog
C:\Users\rti\Desktop\naichichi2\portaudio\Release\Lib-link.read.1.tlog
C:\Users\rti\Desktop\naichichi2\portaudio\Release\Lib-link.write.1.tlog
C:\Users\rti\Desktop\naichichi2\portaudio\Release\pa_allocation.obj
C:\Users\rti\Desktop\naichichi2\portaudio\Release\pa_converters.obj
C:\Users\rti\Desktop\naichichi2\portaudio\Release\pa_cpuload.obj
C:\Users\rti\Desktop\naichichi2\portaudio\Release\pa_debugprint.obj
C:\Users\rti\Desktop\naichichi2\portaudio\Release\pa_dither.obj
C:\Users\rti\Desktop\naichichi2\portaudio\Release\pa_front.obj
C:\Users\rti\Desktop\naichichi2\portaudio\Release\pa_process.obj
C:\Users\rti\Desktop\naichichi2\portaudio\Release\pa_ringbuffer.obj
C:\Users\rti\Desktop\naichichi2\portaudio\Release\pa_skeleton.obj
C:\Users\rti\Desktop\naichichi2\portaudio\Release\pa_stream.obj
C:\Users\rti\Desktop\naichichi2\portaudio\Release\pa_trace.obj
C:\Users\rti\Desktop\naichichi2\portaudio\Release\pa_win_ds.obj
C:\Users\rti\Desktop\naichichi2\portaudio\Release\pa_win_ds_dynlink.obj
C:\Users\rti\Desktop\naichichi2\portaudio\Release\pa_win_hostapis.obj
C:\Users\rti\Desktop\naichichi2\portaudio\Release\pa_win_util.obj
C:\Users\rti\Desktop\naichichi2\portaudio\Release\pa_win_waveformat.obj
C:\Users\rti\Desktop\naichichi2\portaudio\Release\pa_win_wdmks_utils.obj
C:\Users\rti\Desktop\naichichi2\portaudio\Release\pa_x86_plain_converters.obj
C:\Users\rti\Desktop\naichichi2\portaudio\Release\portaudio.write.1.tlog
C:\Users\rti\Desktop\naichichi2\portaudio\Release\vc100.pdb
C:\Users\rti\Desktop\naichichi2\Release\portaudio.lib
