2012/05/26 0:45:39 にビルドを開始しました。
     1>ノード 2 上のプロジェクト "C:\Users\rti\Desktop\naichichi2\portaudio\portaudio.vcxproj" (rebuild ターゲット)。
     1>_PrepareForClean:
         ファイル "Release\portaudio.lastbuildstate" を削除しています。
       InitializeBuildStatus:
         "AlwaysCreate" が指定されたため "Release\portaudio.unsuccessfulbuild" を作成しています。
       ClCompile:
         C:\Program Files (x86)\Microsoft Visual Studio 10.0\VC\bin\CL.exe /c /Isrc\common /Iinclude /Isrc\os\win /Zi /nologo /W3 /WX- /O2 /Oi /Oy- /GL /D _MBCS /D _CRT_SECURE_NO_WARNINGS /D ALLOW_SMP_DANGERS /D PA_NO_ASIO /D PA_NO_WMME /D _MBCS /Gm- /EHsc /MD /GS /Gy /fp:precise /Zc:wchar_t /Zc:forScope /Fo"Release\\" /Fd"Release\vc100.pdb" /Gd /TC /analyze- /errorReport:prompt src\common\pa_allocation.c src\common\pa_converters.c src\common\pa_cpuload.c src\common\pa_debugprint.c src\common\pa_dither.c src\common\pa_front.c src\common\pa_process.c src\common\pa_ringbuffer.c src\common\pa_skeleton.c src\common\pa_stream.c src\common\pa_trace.c src\hostapi\dsound\pa_win_ds.c src\hostapi\dsound\pa_win_ds_dynlink.c src\os\win\pa_win_hostapis.c src\os\win\pa_win_util.c src\os\win\pa_win_waveformat.c src\os\win\pa_win_wdmks_utils.c src\os\win\pa_x86_plain_converters.c
         pa_allocation.c
         pa_converters.c
         pa_cpuload.c
         pa_debugprint.c
     1>src\common\pa_debugprint.c : warning C4819: ファイルは、現在のコード ページ (932) で表示できない文字を含んでいます。データの損失を防ぐために、ファイルを Unicode 形式で保存してください。
         pa_dither.c
         pa_front.c
         pa_process.c
         pa_ringbuffer.c
         pa_skeleton.c
         pa_stream.c
         pa_trace.c
         pa_win_ds.c
         pa_win_ds_dynlink.c
         pa_win_hostapis.c
         pa_win_util.c
         pa_win_waveformat.c
         pa_win_wdmks_utils.c
     1>src\os\win\pa_win_wdmks_utils.c(219): warning C4018: '<' : signed と unsigned の数値を比較しようとしました。
         pa_x86_plain_converters.c
     1>src\os\win\pa_x86_plain_converters.c(128): warning C4305: '初期化中' : 'double' から 'const float' へ切り詰めます。
       Lib:
         C:\Program Files (x86)\Microsoft Visual Studio 10.0\VC\bin\Lib.exe /OUT:"C:\Users\rti\Desktop\naichichi2\Release\portaudio.lib" /NOLOGO /LTCG Release\pa_allocation.obj
         Release\pa_converters.obj
         Release\pa_cpuload.obj
         Release\pa_debugprint.obj
         Release\pa_dither.obj
         Release\pa_front.obj
         Release\pa_process.obj
         Release\pa_ringbuffer.obj
         Release\pa_skeleton.obj
         Release\pa_stream.obj
         Release\pa_trace.obj
         Release\pa_win_ds.obj
         Release\pa_win_ds_dynlink.obj
         Release\pa_win_hostapis.obj
         Release\pa_win_util.obj
         Release\pa_win_waveformat.obj
         Release\pa_win_wdmks_utils.obj
         Release\pa_x86_plain_converters.obj
         portaudio.vcxproj -> C:\Users\rti\Desktop\naichichi2\Release\portaudio.lib
       FinalizeBuildStatus:
         ファイル "Release\portaudio.unsuccessfulbuild" を削除しています。
         "Release\portaudio.lastbuildstate" のタッチ タスクを実行しています。
     1>プロジェクト "C:\Users\rti\Desktop\naichichi2\portaudio\portaudio.vcxproj" (rebuild ターゲット) のビルドが完了しました。

ビルドに成功しました。

経過時間 00:00:02.62
