2012/05/28 10:59:11 にビルドを開始しました。
     1>ノード 3 上のプロジェクト "C:\Users\rti\Desktop\Dropbox\git\naichichi2\zlib\zlib.vcxproj" (rebuild ターゲット)。
     1>_PrepareForClean:
         ファイル "Debug\zlib.lastbuildstate" を削除しています。
       InitializeBuildStatus:
         "AlwaysCreate" が指定されたため "Debug\zlib.unsuccessfulbuild" を作成しています。
       ClCompile:
         C:\Program Files (x86)\Microsoft Visual Studio 10.0\VC\bin\CL.exe /c /I.\ /ZI /nologo /W3 /WX- /Od /Oy- /D _MBCS /D _CRT_SECURE_NO_WARNINGS /D _MBCS /Gm /EHsc /RTC1 /MDd /GS /fp:precise /Zc:wchar_t /Zc:forScope /Fo"Debug\\" /Fd"Debug\vc100.pdb" /Gd /TC /wd4996 /analyze- /errorReport:prompt adler32.c compress.c contrib\minizip\ioapi.c contrib\minizip\iowin32.c contrib\minizip\mztools.c contrib\minizip\unzip.c contrib\minizip\zip.c crc32.c deflate.c gzclose.c gzlib.c gzread.c gzwrite.c infback.c inffast.c inflate.c inftrees.c trees.c uncompr.c zutil.c
         zutil.c
         uncompr.c
         trees.c
         inftrees.c
         inflate.c
         inffast.c
         infback.c
         gzwrite.c
     1>c:\users\rti\desktop\dropbox\git\naichichi2\zlib\gzwrite.c(84): warning C4013: 関数 'write' は定義されていません。int 型の値を返す外部関数と見なします。
     1>c:\users\rti\desktop\dropbox\git\naichichi2\zlib\gzwrite.c(558): warning C4013: 関数 'close' は定義されていません。int 型の値を返す外部関数と見なします。
         gzread.c
     1>c:\users\rti\desktop\dropbox\git\naichichi2\zlib\gzread.c(30): warning C4013: 関数 'read' は定義されていません。int 型の値を返す外部関数と見なします。
     1>c:\users\rti\desktop\dropbox\git\naichichi2\zlib\gzread.c(581): warning C4013: 関数 'close' は定義されていません。int 型の値を返す外部関数と見なします。
         gzlib.c
     1>c:\users\rti\desktop\dropbox\git\naichichi2\zlib\gzlib.c(180): warning C4013: 関数 'open' は定義されていません。int 型の値を返す外部関数と見なします。
     1>c:\users\rti\desktop\dropbox\git\naichichi2\zlib\gzlib.c(204): warning C4013: 関数 '_lseeki64' は定義されていません。int 型の値を返す外部関数と見なします。
         gzclose.c
         deflate.c
         crc32.c
         zip.c
         unzip.c
         mztools.c
         iowin32.c
         ioapi.c
         compress.c
         adler32.c
         コードを生成中...
       Lib:
         C:\Program Files (x86)\Microsoft Visual Studio 10.0\VC\bin\Lib.exe /OUT:"C:\Users\rti\Desktop\Dropbox\git\naichichi2\Debug\zlib.lib" /NOLOGO Debug\adler32.obj
         Debug\compress.obj
         Debug\ioapi.obj
         Debug\iowin32.obj
         Debug\mztools.obj
         Debug\unzip.obj
         Debug\zip.obj
         Debug\crc32.obj
         Debug\deflate.obj
         Debug\gzclose.obj
         Debug\gzlib.obj
         Debug\gzread.obj
         Debug\gzwrite.obj
         Debug\infback.obj
         Debug\inffast.obj
         Debug\inflate.obj
         Debug\inftrees.obj
         Debug\trees.obj
         Debug\uncompr.obj
         Debug\zutil.obj
         zlib.vcxproj -> C:\Users\rti\Desktop\Dropbox\git\naichichi2\Debug\zlib.lib
       FinalizeBuildStatus:
         ファイル "Debug\zlib.unsuccessfulbuild" を削除しています。
         "Debug\zlib.lastbuildstate" のタッチ タスクを実行しています。
     1>プロジェクト "C:\Users\rti\Desktop\Dropbox\git\naichichi2\zlib\zlib.vcxproj" (rebuild ターゲット) のビルドが完了しました。

ビルドに成功しました。

経過時間 00:00:02.28
