C:\USERS\RTI\DESKTOP\DROPBOX\GIT\NAICHICHI2\DEBUG\ZLIB.LIB
C:\USERS\RTI\DESKTOP\DROPBOX\GIT\NAICHICHI2\ZLIB\DEBUG\ADLER32.OBJ
C:\Users\rti\Desktop\Dropbox\git\naichichi2\zlib\Debug\cl.command.1.tlog
C:\Users\rti\Desktop\Dropbox\git\naichichi2\zlib\Debug\CL.read.1.tlog
C:\Users\rti\Desktop\Dropbox\git\naichichi2\zlib\Debug\CL.write.1.tlog
C:\USERS\RTI\DESKTOP\DROPBOX\GIT\NAICHICHI2\ZLIB\DEBUG\COMPRESS.OBJ
C:\USERS\RTI\DESKTOP\DROPBOX\GIT\NAICHICHI2\ZLIB\DEBUG\CRC32.OBJ
C:\USERS\RTI\DESKTOP\DROPBOX\GIT\NAICHICHI2\ZLIB\DEBUG\DEFLATE.OBJ
C:\USERS\RTI\DESKTOP\DROPBOX\GIT\NAICHICHI2\ZLIB\DEBUG\GZCLOSE.OBJ
C:\USERS\RTI\DESKTOP\DROPBOX\GIT\NAICHICHI2\ZLIB\DEBUG\GZLIB.OBJ
C:\USERS\RTI\DESKTOP\DROPBOX\GIT\NAICHICHI2\ZLIB\DEBUG\GZREAD.OBJ
C:\USERS\RTI\DESKTOP\DROPBOX\GIT\NAICHICHI2\ZLIB\DEBUG\GZWRITE.OBJ
C:\USERS\RTI\DESKTOP\DROPBOX\GIT\NAICHICHI2\ZLIB\DEBUG\INFBACK.OBJ
C:\USERS\RTI\DESKTOP\DROPBOX\GIT\NAICHICHI2\ZLIB\DEBUG\INFFAST.OBJ
C:\USERS\RTI\DESKTOP\DROPBOX\GIT\NAICHICHI2\ZLIB\DEBUG\INFLATE.OBJ
C:\USERS\RTI\DESKTOP\DROPBOX\GIT\NAICHICHI2\ZLIB\DEBUG\INFTREES.OBJ
C:\USERS\RTI\DESKTOP\DROPBOX\GIT\NAICHICHI2\ZLIB\DEBUG\IOAPI.OBJ
C:\USERS\RTI\DESKTOP\DROPBOX\GIT\NAICHICHI2\ZLIB\DEBUG\IOWIN32.OBJ
C:\Users\rti\Desktop\Dropbox\git\naichichi2\zlib\Debug\lib.command.1.tlog
C:\Users\rti\Desktop\Dropbox\git\naichichi2\zlib\Debug\Lib-link.read.1.tlog
C:\Users\rti\Desktop\Dropbox\git\naichichi2\zlib\Debug\Lib-link.write.1.tlog
C:\USERS\RTI\DESKTOP\DROPBOX\GIT\NAICHICHI2\ZLIB\DEBUG\MZTOOLS.OBJ
C:\USERS\RTI\DESKTOP\DROPBOX\GIT\NAICHICHI2\ZLIB\DEBUG\TREES.OBJ
C:\USERS\RTI\DESKTOP\DROPBOX\GIT\NAICHICHI2\ZLIB\DEBUG\UNCOMPR.OBJ
C:\USERS\RTI\DESKTOP\DROPBOX\GIT\NAICHICHI2\ZLIB\DEBUG\UNZIP.OBJ
C:\Users\rti\Desktop\Dropbox\git\naichichi2\zlib\Debug\vc100.idb
C:\USERS\RTI\DESKTOP\DROPBOX\GIT\NAICHICHI2\ZLIB\DEBUG\VC100.PDB
C:\USERS\RTI\DESKTOP\DROPBOX\GIT\NAICHICHI2\ZLIB\DEBUG\ZIP.OBJ
C:\Users\rti\Desktop\Dropbox\git\naichichi2\zlib\Debug\zlib.write.1.tlog
C:\USERS\RTI\DESKTOP\DROPBOX\GIT\NAICHICHI2\ZLIB\DEBUG\ZUTIL.OBJ
