2012/06/13 6:22:52 にビルドを開始しました。
     1>ノード 2 上のプロジェクト "C:\Users\rti\Desktop\Dropbox\git\naichichi2\naichichi2\naichichi2.vcxproj" (build ターゲット)。
     1>InitializeBuildStatus:
         "AlwaysCreate" が指定されたため "Debug\naichichi2.unsuccessfulbuild" を作成しています。
       ClCompile:
         すべての出力が最新のものです。
       ResourceCompile:
         すべての出力が最新のものです。
       ManifestResourceCompile:
         すべての出力が最新のものです。
       Link:
         すべての出力が最新のものです。
       Manifest:
         すべての出力が最新のものです。
       FinalizeBuildStatus:
         ファイル "Debug\naichichi2.unsuccessfulbuild" を削除しています。
         "Debug\naichichi2.lastbuildstate" のタッチ タスクを実行しています。
     1>プロジェクト "C:\Users\rti\Desktop\Dropbox\git\naichichi2\naichichi2\naichichi2.vcxproj" (build ターゲット) のビルドが完了しました。

ビルドに成功しました。

経過時間 00:00:00.30
