C:\Users\rti\Desktop\Dropbox\git\naichichi2\Debug\naichichi2.pdb
C:\USERS\RTI\DESKTOP\DROPBOX\GIT\NAICHICHI2\NAICHICHI2\DEBUG\ACTIONIMPLEMENT.OBJ
C:\USERS\RTI\DESKTOP\DROPBOX\GIT\NAICHICHI2\NAICHICHI2\DEBUG\ACTIONSCRIPTMANAGER.OBJ
C:\Users\rti\Desktop\Dropbox\git\naichichi2\naichichi2\Debug\cl.command.1.tlog
C:\Users\rti\Desktop\Dropbox\git\naichichi2\naichichi2\Debug\CL.read.1.tlog
C:\Users\rti\Desktop\Dropbox\git\naichichi2\naichichi2\Debug\CL.write.1.tlog
C:\USERS\RTI\DESKTOP\DROPBOX\GIT\NAICHICHI2\NAICHICHI2\DEBUG\CONFIG.OBJ
C:\USERS\RTI\DESKTOP\DROPBOX\GIT\NAICHICHI2\NAICHICHI2\DEBUG\HTTPSERVER.OBJ
C:\Users\rti\Desktop\Dropbox\git\naichichi2\naichichi2\Debug\link.command.1.tlog
C:\Users\rti\Desktop\Dropbox\git\naichichi2\naichichi2\Debug\link.read.1.tlog
C:\Users\rti\Desktop\Dropbox\git\naichichi2\naichichi2\Debug\link.write.1.tlog
C:\Users\rti\Desktop\Dropbox\git\naichichi2\naichichi2\Debug\link-cvtres.read.1.tlog
C:\Users\rti\Desktop\Dropbox\git\naichichi2\naichichi2\Debug\link-cvtres.write.1.tlog
C:\USERS\RTI\DESKTOP\DROPBOX\GIT\NAICHICHI2\NAICHICHI2\DEBUG\MAIN.OBJ
C:\USERS\RTI\DESKTOP\DROPBOX\GIT\NAICHICHI2\NAICHICHI2\DEBUG\MAINWINDOW.OBJ
C:\Users\rti\Desktop\Dropbox\git\naichichi2\naichichi2\Debug\MecabControl.obj
C:\Users\rti\Desktop\Dropbox\git\naichichi2\naichichi2\Debug\MediaFileAnalize.obj
C:\Users\rti\Desktop\Dropbox\git\naichichi2\naichichi2\Debug\MediaFileImageShot.obj
C:\Users\rti\Desktop\Dropbox\git\naichichi2\naichichi2\Debug\MediaFileIndex.obj
C:\Users\rti\Desktop\Dropbox\git\naichichi2\naichichi2\Debug\mt.command.1.tlog
C:\Users\rti\Desktop\Dropbox\git\naichichi2\naichichi2\Debug\mt.read.1.tlog
C:\Users\rti\Desktop\Dropbox\git\naichichi2\naichichi2\Debug\mt.write.1.tlog
C:\Users\rti\Desktop\Dropbox\git\naichichi2\naichichi2\Debug\naichichi2.exe.embed.manifest
C:\USERS\RTI\DESKTOP\DROPBOX\GIT\NAICHICHI2\NAICHICHI2\DEBUG\NAICHICHI2.EXE.EMBED.MANIFEST.RES
C:\Users\rti\Desktop\Dropbox\git\naichichi2\naichichi2\Debug\naichichi2.exe.intermediate.manifest
C:\USERS\RTI\DESKTOP\DROPBOX\GIT\NAICHICHI2\NAICHICHI2\DEBUG\NAICHICHI2.RES
C:\Users\rti\Desktop\Dropbox\git\naichichi2\naichichi2\Debug\naichichi2.vcxprojResolveAssemblyReference.cache
C:\Users\rti\Desktop\Dropbox\git\naichichi2\naichichi2\Debug\naichichi2.write.1.tlog
C:\Users\rti\Desktop\Dropbox\git\naichichi2\naichichi2\Debug\naichichi2_manifest.rc
C:\Users\rti\Desktop\Dropbox\git\naichichi2\naichichi2\Debug\rc.command.1.tlog
C:\Users\rti\Desktop\Dropbox\git\naichichi2\naichichi2\Debug\rc.read.1.tlog
C:\Users\rti\Desktop\Dropbox\git\naichichi2\naichichi2\Debug\rc.write.1.tlog
C:\USERS\RTI\DESKTOP\DROPBOX\GIT\NAICHICHI2\NAICHICHI2\DEBUG\RECOGNITION_FACTORY.OBJ
C:\USERS\RTI\DESKTOP\DROPBOX\GIT\NAICHICHI2\NAICHICHI2\DEBUG\RECOGNITION_JULIUSPLUS.OBJ
C:\USERS\RTI\DESKTOP\DROPBOX\GIT\NAICHICHI2\NAICHICHI2\DEBUG\RECOGNITION_JULIUSPLUSRULE.OBJ
C:\USERS\RTI\DESKTOP\DROPBOX\GIT\NAICHICHI2\NAICHICHI2\DEBUG\SCRIPTMANAGER.OBJ
C:\USERS\RTI\DESKTOP\DROPBOX\GIT\NAICHICHI2\NAICHICHI2\DEBUG\SCRIPTRUNNER.OBJ
C:\Users\rti\Desktop\Dropbox\git\naichichi2\naichichi2\Debug\shell32.tlh
C:\Users\rti\Desktop\Dropbox\git\naichichi2\naichichi2\Debug\shell32.tli
C:\USERS\RTI\DESKTOP\DROPBOX\GIT\NAICHICHI2\NAICHICHI2\DEBUG\SPEAK_AQUESTALK.OBJ
C:\USERS\RTI\DESKTOP\DROPBOX\GIT\NAICHICHI2\NAICHICHI2\DEBUG\SPEAK_FACTORY.OBJ
C:\USERS\RTI\DESKTOP\DROPBOX\GIT\NAICHICHI2\NAICHICHI2\DEBUG\SPEAK_GOOGLETRANSLATE.OBJ
C:\USERS\RTI\DESKTOP\DROPBOX\GIT\NAICHICHI2\NAICHICHI2\DEBUG\SPEAK_SPEECHPLATFORM.OBJ
C:\USERS\RTI\DESKTOP\DROPBOX\GIT\NAICHICHI2\NAICHICHI2\DEBUG\TRIGGERMANAGER.OBJ
C:\Users\rti\Desktop\Dropbox\git\naichichi2\naichichi2\Debug\vc100.idb
C:\USERS\RTI\DESKTOP\DROPBOX\GIT\NAICHICHI2\NAICHICHI2\DEBUG\VC100.PDB
C:\USERS\RTI\DESKTOP\DROPBOX\GIT\NAICHICHI2\NAICHICHI2\DEBUG\WEBMENU.OBJ
C:\USERS\RTI\DESKTOP\DROPBOX\GIT\NAICHICHI2\NAICHICHI2\DEBUG\XLDEBUGUTIL.OBJ
C:\USERS\RTI\DESKTOP\DROPBOX\GIT\NAICHICHI2\NAICHICHI2\DEBUG\XLFILEUTIL.OBJ
C:\USERS\RTI\DESKTOP\DROPBOX\GIT\NAICHICHI2\NAICHICHI2\DEBUG\XLHTTPHEADER.OBJ
C:\USERS\RTI\DESKTOP\DROPBOX\GIT\NAICHICHI2\NAICHICHI2\DEBUG\XLHTTPREQUERST.OBJ
C:\Users\rti\Desktop\Dropbox\git\naichichi2\naichichi2\Debug\XLImage.obj
C:\USERS\RTI\DESKTOP\DROPBOX\GIT\NAICHICHI2\NAICHICHI2\DEBUG\XLSOUNDPLAY.OBJ
C:\USERS\RTI\DESKTOP\DROPBOX\GIT\NAICHICHI2\NAICHICHI2\DEBUG\XLSTRINGUTIL.OBJ
C:\USERS\RTI\DESKTOP\DROPBOX\GIT\NAICHICHI2\NAICHICHI2\DEBUG\XLURLPARSER.OBJ
C:\USERS\RTI\DESKTOP\DROPBOX\NAICHICHI2\DEBUG\NAICHICHI2.EXE
C:\USERS\RTI\DESKTOP\DROPBOX\NAICHICHI2\DEBUG\NAICHICHI2.MAP
C:\USERS\RTI\DESKTOP\DROPBOX\NAICHICHI2\DEBUG\NAICHICHI2.PDB
C:\USERS\RTI\DESKTOP\DROPBOX\NAICHICHI2\NAICHICHI2\DEBUG\ACTIONIMPLEMENT.OBJ
C:\USERS\RTI\DESKTOP\DROPBOX\NAICHICHI2\NAICHICHI2\DEBUG\ACTIONSCRIPTMANAGER.OBJ
C:\USERS\RTI\DESKTOP\DROPBOX\NAICHICHI2\NAICHICHI2\DEBUG\CONFIG.OBJ
C:\USERS\RTI\DESKTOP\DROPBOX\NAICHICHI2\NAICHICHI2\DEBUG\HTTPSERVER.OBJ
C:\USERS\RTI\DESKTOP\DROPBOX\NAICHICHI2\NAICHICHI2\DEBUG\MAIN.OBJ
C:\USERS\RTI\DESKTOP\DROPBOX\NAICHICHI2\NAICHICHI2\DEBUG\MAINWINDOW.OBJ
C:\USERS\RTI\DESKTOP\DROPBOX\NAICHICHI2\NAICHICHI2\DEBUG\MECABCONTROL.OBJ
C:\USERS\RTI\DESKTOP\DROPBOX\NAICHICHI2\NAICHICHI2\DEBUG\MEDIAFILEANALIZE.OBJ
C:\USERS\RTI\DESKTOP\DROPBOX\NAICHICHI2\NAICHICHI2\DEBUG\MEDIAFILEIMAGESHOT.OBJ
C:\USERS\RTI\DESKTOP\DROPBOX\NAICHICHI2\NAICHICHI2\DEBUG\MEDIAFILEINDEX.OBJ
C:\USERS\RTI\DESKTOP\DROPBOX\NAICHICHI2\NAICHICHI2\DEBUG\NAICHICHI2.EXE.EMBED.MANIFEST
C:\USERS\RTI\DESKTOP\DROPBOX\NAICHICHI2\NAICHICHI2\DEBUG\NAICHICHI2.EXE.EMBED.MANIFEST.RES
C:\USERS\RTI\DESKTOP\DROPBOX\NAICHICHI2\NAICHICHI2\DEBUG\NAICHICHI2.EXE.INTERMEDIATE.MANIFEST
C:\USERS\RTI\DESKTOP\DROPBOX\NAICHICHI2\NAICHICHI2\DEBUG\NAICHICHI2.RES
C:\USERS\RTI\DESKTOP\DROPBOX\NAICHICHI2\NAICHICHI2\DEBUG\RECOGNITION_FACTORY.OBJ
C:\USERS\RTI\DESKTOP\DROPBOX\NAICHICHI2\NAICHICHI2\DEBUG\RECOGNITION_JULIUSPLUS.OBJ
C:\USERS\RTI\DESKTOP\DROPBOX\NAICHICHI2\NAICHICHI2\DEBUG\RECOGNITION_JULIUSPLUSRULE.OBJ
C:\USERS\RTI\DESKTOP\DROPBOX\NAICHICHI2\NAICHICHI2\DEBUG\SCRIPTMANAGER.OBJ
C:\USERS\RTI\DESKTOP\DROPBOX\NAICHICHI2\NAICHICHI2\DEBUG\SCRIPTRUNNER.OBJ
C:\USERS\RTI\DESKTOP\DROPBOX\NAICHICHI2\NAICHICHI2\DEBUG\SPEAK_AQUESTALK.OBJ
C:\USERS\RTI\DESKTOP\DROPBOX\NAICHICHI2\NAICHICHI2\DEBUG\SPEAK_FACTORY.OBJ
C:\USERS\RTI\DESKTOP\DROPBOX\NAICHICHI2\NAICHICHI2\DEBUG\SPEAK_GOOGLETRANSLATE.OBJ
C:\USERS\RTI\DESKTOP\DROPBOX\NAICHICHI2\NAICHICHI2\DEBUG\SPEAK_SPEECHPLATFORM.OBJ
C:\USERS\RTI\DESKTOP\DROPBOX\NAICHICHI2\NAICHICHI2\DEBUG\TRIGGERMANAGER.OBJ
C:\USERS\RTI\DESKTOP\DROPBOX\NAICHICHI2\NAICHICHI2\DEBUG\VC100.PDB
C:\USERS\RTI\DESKTOP\DROPBOX\NAICHICHI2\NAICHICHI2\DEBUG\WEBMENU.OBJ
C:\USERS\RTI\DESKTOP\DROPBOX\NAICHICHI2\NAICHICHI2\DEBUG\XLDEBUGUTIL.OBJ
C:\USERS\RTI\DESKTOP\DROPBOX\NAICHICHI2\NAICHICHI2\DEBUG\XLFILEUTIL.OBJ
C:\USERS\RTI\DESKTOP\DROPBOX\NAICHICHI2\NAICHICHI2\DEBUG\XLHTTPHEADER.OBJ
C:\USERS\RTI\DESKTOP\DROPBOX\NAICHICHI2\NAICHICHI2\DEBUG\XLHTTPREQUERST.OBJ
C:\USERS\RTI\DESKTOP\DROPBOX\NAICHICHI2\NAICHICHI2\DEBUG\XLIMAGE.OBJ
C:\USERS\RTI\DESKTOP\DROPBOX\NAICHICHI2\NAICHICHI2\DEBUG\XLSOUNDPLAY.OBJ
C:\USERS\RTI\DESKTOP\DROPBOX\NAICHICHI2\NAICHICHI2\DEBUG\XLSTRINGUTIL.OBJ
C:\USERS\RTI\DESKTOP\DROPBOX\NAICHICHI2\NAICHICHI2\DEBUG\XLURLPARSER.OBJ
