2012/05/26 0:45:39 にビルドを開始しました。
     1>ノード 4 上のプロジェクト "C:\Users\rti\Desktop\naichichi2\liblinear\liblinear.vcxproj" (rebuild ターゲット)。
     1>_PrepareForClean:
         ファイル "Release\liblinear.lastbuildstate" を削除しています。
       InitializeBuildStatus:
         "AlwaysCreate" が指定されたため "Release\liblinear.unsuccessfulbuild" を作成しています。
       ClCompile:
         C:\Program Files (x86)\Microsoft Visual Studio 10.0\VC\bin\CL.exe /c /Zi /nologo /W3 /WX- /O2 /Oi /Oy- /GL /D _MBCS /D _CRT_SECURE_NO_WARNINGS /D _MBCS /Gm- /EHsc /MD /GS /Gy /fp:precise /Zc:wchar_t /Zc:forScope /Fo"Release\\" /Fd"Release\vc100.pdb" /Gd /TC /wd4996 /wd4819 /analyze- /errorReport:prompt blas\daxpy.c blas\ddot.c blas\dnrm2.c blas\dscal.c
         daxpy.c
         ddot.c
         dnrm2.c
         dscal.c
         C:\Program Files (x86)\Microsoft Visual Studio 10.0\VC\bin\CL.exe /c /Zi /nologo /W3 /WX- /O2 /Oi /Oy- /GL /D _MBCS /D _CRT_SECURE_NO_WARNINGS /D _MBCS /Gm- /EHsc /MD /GS /Gy /fp:precise /Zc:wchar_t /Zc:forScope /Fo"Release\\" /Fd"Release\vc100.pdb" /Gd /TP /wd4996 /wd4819 /analyze- /errorReport:prompt linear.cpp tron.cpp
         linear.cpp
         tron.cpp
       Lib:
         C:\Program Files (x86)\Microsoft Visual Studio 10.0\VC\bin\Lib.exe /OUT:"C:\Users\rti\Desktop\naichichi2\Release\liblinear.lib" /NOLOGO /LTCG Release\daxpy.obj
         Release\ddot.obj
         Release\dnrm2.obj
         Release\dscal.obj
         Release\linear.obj
         Release\tron.obj
         liblinear.vcxproj -> C:\Users\rti\Desktop\naichichi2\Release\liblinear.lib
       FinalizeBuildStatus:
         ファイル "Release\liblinear.unsuccessfulbuild" を削除しています。
         "Release\liblinear.lastbuildstate" のタッチ タスクを実行しています。
     1>プロジェクト "C:\Users\rti\Desktop\naichichi2\liblinear\liblinear.vcxproj" (rebuild ターゲット) のビルドが完了しました。

ビルドに成功しました。

経過時間 00:00:00.98
