C:\USERS\RTI\DESKTOP\DROPBOX\GIT\NAICHICHI2\LIBLINEAR\RELEASE\DAXPY.OBJ
C:\USERS\RTI\DESKTOP\DROPBOX\GIT\NAICHICHI2\LIBLINEAR\RELEASE\DDOT.OBJ
C:\USERS\RTI\DESKTOP\DROPBOX\GIT\NAICHICHI2\LIBLINEAR\RELEASE\DNRM2.OBJ
C:\USERS\RTI\DESKTOP\DROPBOX\GIT\NAICHICHI2\LIBLINEAR\RELEASE\DSCAL.OBJ
C:\USERS\RTI\DESKTOP\DROPBOX\GIT\NAICHICHI2\LIBLINEAR\RELEASE\LINEAR.OBJ
C:\USERS\RTI\DESKTOP\DROPBOX\GIT\NAICHICHI2\LIBLINEAR\RELEASE\TRON.OBJ
C:\USERS\RTI\DESKTOP\DROPBOX\GIT\NAICHICHI2\LIBLINEAR\RELEASE\VC100.PDB
C:\USERS\RTI\DESKTOP\DROPBOX\GIT\NAICHICHI2\RELEASE\LIBLINEAR.LIB
C:\Users\rti\Desktop\naichichi2\liblinear\Release\cl.command.1.tlog
C:\Users\rti\Desktop\naichichi2\liblinear\Release\CL.read.1.tlog
C:\Users\rti\Desktop\naichichi2\liblinear\Release\CL.write.1.tlog
C:\Users\rti\Desktop\naichichi2\liblinear\Release\daxpy.obj
C:\Users\rti\Desktop\naichichi2\liblinear\Release\ddot.obj
C:\Users\rti\Desktop\naichichi2\liblinear\Release\dnrm2.obj
C:\Users\rti\Desktop\naichichi2\liblinear\Release\dscal.obj
C:\Users\rti\Desktop\naichichi2\liblinear\Release\lib.command.1.tlog
C:\Users\rti\Desktop\naichichi2\liblinear\Release\liblinear.write.1.tlog
C:\Users\rti\Desktop\naichichi2\liblinear\Release\Lib-link.read.1.tlog
C:\Users\rti\Desktop\naichichi2\liblinear\Release\Lib-link.write.1.tlog
C:\Users\rti\Desktop\naichichi2\liblinear\Release\linear.obj
C:\Users\rti\Desktop\naichichi2\liblinear\Release\tron.obj
C:\Users\rti\Desktop\naichichi2\liblinear\Release\vc100.pdb
C:\Users\rti\Desktop\naichichi2\Release\liblinear.lib
